

Started GET "/" for 127.0.0.1 at 2015-11-11 14:31:00 -0500

ActiveRecord::PendingMigrationError (

Migrations are pending. To resolve this issue, run:

	bin/rake db:migrate RAILS_ENV=development

):
  activerecord (4.1.5) lib/active_record/migration.rb:389:in `check_pending!'
  activerecord (4.1.5) lib/active_record/migration.rb:377:in `call'
  actionpack (4.1.5) lib/action_dispatch/middleware/callbacks.rb:29:in `block in call'
  activesupport (4.1.5) lib/active_support/callbacks.rb:82:in `run_callbacks'
  actionpack (4.1.5) lib/action_dispatch/middleware/callbacks.rb:27:in `call'
  actionpack (4.1.5) lib/action_dispatch/middleware/reloader.rb:73:in `call'
  actionpack (4.1.5) lib/action_dispatch/middleware/remote_ip.rb:76:in `call'
  actionpack (4.1.5) lib/action_dispatch/middleware/debug_exceptions.rb:17:in `call'
  actionpack (4.1.5) lib/action_dispatch/middleware/show_exceptions.rb:30:in `call'
  railties (4.1.5) lib/rails/rack/logger.rb:38:in `call_app'
  railties (4.1.5) lib/rails/rack/logger.rb:20:in `block in call'
  activesupport (4.1.5) lib/active_support/tagged_logging.rb:68:in `block in tagged'
  activesupport (4.1.5) lib/active_support/tagged_logging.rb:26:in `tagged'
  activesupport (4.1.5) lib/active_support/tagged_logging.rb:68:in `tagged'
  railties (4.1.5) lib/rails/rack/logger.rb:20:in `call'
  actionpack (4.1.5) lib/action_dispatch/middleware/request_id.rb:21:in `call'
  rack (1.5.2) lib/rack/methodoverride.rb:21:in `call'
  rack (1.5.2) lib/rack/runtime.rb:17:in `call'
  activesupport (4.1.5) lib/active_support/cache/strategy/local_cache_middleware.rb:26:in `call'
  rack (1.5.2) lib/rack/lock.rb:17:in `call'
  actionpack (4.1.5) lib/action_dispatch/middleware/static.rb:64:in `call'
  rack (1.5.2) lib/rack/sendfile.rb:112:in `call'
  railties (4.1.5) lib/rails/engine.rb:514:in `call'
  railties (4.1.5) lib/rails/application.rb:144:in `call'
  rack (1.5.2) lib/rack/lock.rb:17:in `call'
  rack (1.5.2) lib/rack/content_length.rb:14:in `call'
  rack (1.5.2) lib/rack/handler/webrick.rb:60:in `service'
  /Users/Mithu/.rbenv/versions/2.2.2/lib/ruby/2.2.0/webrick/httpserver.rb:138:in `service'
  /Users/Mithu/.rbenv/versions/2.2.2/lib/ruby/2.2.0/webrick/httpserver.rb:94:in `run'
  /Users/Mithu/.rbenv/versions/2.2.2/lib/ruby/2.2.0/webrick/server.rb:294:in `block in start_thread'


  Rendered /Users/Mithu/.rbenv/versions/2.2.2/lib/ruby/gems/2.2.0/gems/actionpack-4.1.5/lib/action_dispatch/middleware/templates/rescues/_source.erb (0.5ms)
  Rendered /Users/Mithu/.rbenv/versions/2.2.2/lib/ruby/gems/2.2.0/gems/actionpack-4.1.5/lib/action_dispatch/middleware/templates/rescues/_trace.html.erb (0.8ms)
  Rendered /Users/Mithu/.rbenv/versions/2.2.2/lib/ruby/gems/2.2.0/gems/actionpack-4.1.5/lib/action_dispatch/middleware/templates/rescues/_request_and_response.html.erb (1.3ms)
  Rendered /Users/Mithu/.rbenv/versions/2.2.2/lib/ruby/gems/2.2.0/gems/actionpack-4.1.5/lib/action_dispatch/middleware/templates/rescues/diagnostics.erb within rescues/layout (52.6ms)
  [1m[36m (0.9ms)[0m  [1mCREATE TABLE "schema_migrations" ("version" varchar(255) NOT NULL) [0m
  [1m[35m (0.1ms)[0m  select sqlite_version(*)
  [1m[36m (0.7ms)[0m  [1mCREATE UNIQUE INDEX "unique_schema_migrations" ON "schema_migrations" ("version")[0m
  [1m[35mActiveRecord::SchemaMigration Load (0.1ms)[0m  SELECT "schema_migrations".* FROM "schema_migrations"
Migrating to CreateLinks (20140906164734)
  [1m[36m (0.1ms)[0m  [1mbegin transaction[0m
  [1m[35m (0.4ms)[0m  CREATE TABLE "links" ("id" INTEGER PRIMARY KEY AUTOINCREMENT NOT NULL, "title" varchar(255), "url" varchar(255), "created_at" datetime, "updated_at" datetime) 
  [1m[36mSQL (0.1ms)[0m  [1mINSERT INTO "schema_migrations" ("version") VALUES (?)[0m  [["version", "20140906164734"]]
  [1m[35m (0.5ms)[0m  commit transaction
Migrating to DeviseCreateUsers (20140906172351)
  [1m[36m (0.0ms)[0m  [1mbegin transaction[0m
  [1m[35m (0.3ms)[0m  CREATE TABLE "users" ("id" INTEGER PRIMARY KEY AUTOINCREMENT NOT NULL, "email" varchar(255) DEFAULT '' NOT NULL, "encrypted_password" varchar(255) DEFAULT '' NOT NULL, "reset_password_token" varchar(255), "reset_password_sent_at" datetime, "remember_created_at" datetime, "sign_in_count" integer DEFAULT 0 NOT NULL, "current_sign_in_at" datetime, "last_sign_in_at" datetime, "current_sign_in_ip" varchar(255), "last_sign_in_ip" varchar(255), "created_at" datetime, "updated_at" datetime) 
  [1m[36m (0.3ms)[0m  [1mCREATE UNIQUE INDEX "index_users_on_email" ON "users" ("email")[0m
  [1m[35m (0.1ms)[0m              SELECT sql
            FROM sqlite_master
            WHERE name='index_users_on_email' AND type='index'
            UNION ALL
            SELECT sql
            FROM sqlite_temp_master
            WHERE name='index_users_on_email' AND type='index'

  [1m[36m (0.1ms)[0m  [1mCREATE UNIQUE INDEX "index_users_on_reset_password_token" ON "users" ("reset_password_token")[0m
  [1m[35mSQL (0.1ms)[0m  INSERT INTO "schema_migrations" ("version") VALUES (?)  [["version", "20140906172351"]]
  [1m[36m (0.6ms)[0m  [1mcommit transaction[0m
Migrating to AddUserIdToLinks (20140906205809)
  [1m[35m (0.0ms)[0m  begin transaction
  [1m[36m (0.3ms)[0m  [1mALTER TABLE "links" ADD "user_id" integer[0m
  [1m[35m (0.1ms)[0m  CREATE  INDEX "index_links_on_user_id" ON "links" ("user_id")
  [1m[36mSQL (0.1ms)[0m  [1mINSERT INTO "schema_migrations" ("version") VALUES (?)[0m  [["version", "20140906205809"]]
  [1m[35m (0.5ms)[0m  commit transaction
Migrating to ActsAsVotableMigration (20140907145852)
  [1m[36m (0.0ms)[0m  [1mbegin transaction[0m
  [1m[35m (0.2ms)[0m  CREATE TABLE "votes" ("id" INTEGER PRIMARY KEY AUTOINCREMENT NOT NULL, "votable_id" integer, "votable_type" varchar(255), "voter_id" integer, "voter_type" varchar(255), "vote_flag" boolean, "vote_scope" varchar(255), "vote_weight" integer, "created_at" datetime, "updated_at" datetime) 
  [1m[36m (0.1ms)[0m  [1mCREATE  INDEX "index_votes_on_voter_id_and_voter_type_and_vote_scope" ON "votes" ("voter_id", "voter_type", "vote_scope")[0m
  [1m[35m (0.1ms)[0m              SELECT sql
            FROM sqlite_master
            WHERE name='index_votes_on_voter_id_and_voter_type_and_vote_scope' AND type='index'
            UNION ALL
            SELECT sql
            FROM sqlite_temp_master
            WHERE name='index_votes_on_voter_id_and_voter_type_and_vote_scope' AND type='index'

  [1m[36m (0.1ms)[0m  [1mCREATE  INDEX "index_votes_on_votable_id_and_votable_type_and_vote_scope" ON "votes" ("votable_id", "votable_type", "vote_scope")[0m
  [1m[35mSQL (0.1ms)[0m  INSERT INTO "schema_migrations" ("version") VALUES (?)  [["version", "20140907145852"]]
  [1m[36m (0.5ms)[0m  [1mcommit transaction[0m
Migrating to CreateComments (20140907161541)
  [1m[35m (0.0ms)[0m  begin transaction
  [1m[36m (0.3ms)[0m  [1mCREATE TABLE "comments" ("id" INTEGER PRIMARY KEY AUTOINCREMENT NOT NULL, "link_id" integer, "body" text, "user_id" integer, "created_at" datetime, "updated_at" datetime) [0m
  [1m[35m (0.1ms)[0m  CREATE  INDEX "index_comments_on_user_id" ON "comments" ("user_id")
  [1m[36m (0.1ms)[0m  [1m            SELECT sql
            FROM sqlite_master
            WHERE name='index_comments_on_user_id' AND type='index'
            UNION ALL
            SELECT sql
            FROM sqlite_temp_master
            WHERE name='index_comments_on_user_id' AND type='index'
[0m
  [1m[35m (0.1ms)[0m  CREATE  INDEX "index_comments_on_link_id" ON "comments" ("link_id")
  [1m[36mSQL (0.1ms)[0m  [1mINSERT INTO "schema_migrations" ("version") VALUES (?)[0m  [["version", "20140907161541"]]
  [1m[35m (0.5ms)[0m  commit transaction
Migrating to AddNameToUsers (20140907165355)
  [1m[36m (0.0ms)[0m  [1mbegin transaction[0m
  [1m[35m (0.3ms)[0m  ALTER TABLE "users" ADD "name" varchar(255)
  [1m[36mSQL (0.1ms)[0m  [1mINSERT INTO "schema_migrations" ("version") VALUES (?)[0m  [["version", "20140907165355"]]
  [1m[35m (0.5ms)[0m  commit transaction
  [1m[36mActiveRecord::SchemaMigration Load (0.1ms)[0m  [1mSELECT "schema_migrations".* FROM "schema_migrations"[0m
  [1m[35m (0.1ms)[0m              SELECT sql
            FROM sqlite_master
            WHERE name='index_comments_on_link_id' AND type='index'
            UNION ALL
            SELECT sql
            FROM sqlite_temp_master
            WHERE name='index_comments_on_link_id' AND type='index'

  [1m[36m (0.1ms)[0m  [1m            SELECT sql
            FROM sqlite_master
            WHERE name='index_comments_on_user_id' AND type='index'
            UNION ALL
            SELECT sql
            FROM sqlite_temp_master
            WHERE name='index_comments_on_user_id' AND type='index'
[0m
  [1m[35m (0.1ms)[0m              SELECT sql
            FROM sqlite_master
            WHERE name='index_links_on_user_id' AND type='index'
            UNION ALL
            SELECT sql
            FROM sqlite_temp_master
            WHERE name='index_links_on_user_id' AND type='index'

  [1m[36m (0.1ms)[0m  [1m            SELECT sql
            FROM sqlite_master
            WHERE name='index_users_on_reset_password_token' AND type='index'
            UNION ALL
            SELECT sql
            FROM sqlite_temp_master
            WHERE name='index_users_on_reset_password_token' AND type='index'
[0m
  [1m[35m (0.1ms)[0m              SELECT sql
            FROM sqlite_master
            WHERE name='index_users_on_email' AND type='index'
            UNION ALL
            SELECT sql
            FROM sqlite_temp_master
            WHERE name='index_users_on_email' AND type='index'

  [1m[36m (0.1ms)[0m  [1m            SELECT sql
            FROM sqlite_master
            WHERE name='index_votes_on_votable_id_and_votable_type_and_vote_scope' AND type='index'
            UNION ALL
            SELECT sql
            FROM sqlite_temp_master
            WHERE name='index_votes_on_votable_id_and_votable_type_and_vote_scope' AND type='index'
[0m
  [1m[35m (0.1ms)[0m              SELECT sql
            FROM sqlite_master
            WHERE name='index_votes_on_voter_id_and_voter_type_and_vote_scope' AND type='index'
            UNION ALL
            SELECT sql
            FROM sqlite_temp_master
            WHERE name='index_votes_on_voter_id_and_voter_type_and_vote_scope' AND type='index'



Started GET "/" for 127.0.0.1 at 2015-11-11 14:31:41 -0500
  [1m[36mActiveRecord::SchemaMigration Load (0.1ms)[0m  [1mSELECT "schema_migrations".* FROM "schema_migrations"[0m
Processing by LinksController#index as HTML
  [1m[35mLink Load (0.1ms)[0m  SELECT "links".* FROM "links"
  Rendered links/index.html.erb within layouts/application (1.5ms)
  [1m[36mUser Load (0.2ms)[0m  [1mSELECT  "users".* FROM "users"  WHERE "users"."id" = 1  ORDER BY "users"."id" ASC LIMIT 1[0m
Completed 200 OK in 2187ms (Views: 2167.5ms | ActiveRecord: 0.6ms)


Started GET "/assets/links.css?body=1" for 127.0.0.1 at 2015-11-11 14:31:43 -0500


Started GET "/assets/scaffolds.css?body=1" for 127.0.0.1 at 2015-11-11 14:31:44 -0500


Started GET "/assets/application.css?body=1" for 127.0.0.1 at 2015-11-11 14:31:44 -0500


Started GET "/assets/jquery.js?body=1" for 127.0.0.1 at 2015-11-11 14:31:44 -0500


Started GET "/assets/bootstrap/affix.js?body=1" for 127.0.0.1 at 2015-11-11 14:31:44 -0500


Started GET "/assets/bootstrap/button.js?body=1" for 127.0.0.1 at 2015-11-11 14:31:44 -0500


Started GET "/assets/bootstrap/alert.js?body=1" for 127.0.0.1 at 2015-11-11 14:31:44 -0500


Started GET "/assets/bootstrap/carousel.js?body=1" for 127.0.0.1 at 2015-11-11 14:31:44 -0500


Started GET "/assets/bootstrap/collapse.js?body=1" for 127.0.0.1 at 2015-11-11 14:31:44 -0500


Started GET "/assets/bootstrap/dropdown.js?body=1" for 127.0.0.1 at 2015-11-11 14:31:44 -0500


Started GET "/assets/bootstrap/tab.js?body=1" for 127.0.0.1 at 2015-11-11 14:31:44 -0500


Started GET "/assets/bootstrap/transition.js?body=1" for 127.0.0.1 at 2015-11-11 14:31:44 -0500


Started GET "/assets/bootstrap/scrollspy.js?body=1" for 127.0.0.1 at 2015-11-11 14:31:44 -0500


Started GET "/assets/bootstrap/modal.js?body=1" for 127.0.0.1 at 2015-11-11 14:31:44 -0500


Started GET "/assets/bootstrap/tooltip.js?body=1" for 127.0.0.1 at 2015-11-11 14:31:44 -0500


Started GET "/assets/bootstrap/popover.js?body=1" for 127.0.0.1 at 2015-11-11 14:31:44 -0500


Started GET "/assets/bootstrap-sprockets.js?body=1" for 127.0.0.1 at 2015-11-11 14:31:44 -0500


Started GET "/assets/jquery_ujs.js?body=1" for 127.0.0.1 at 2015-11-11 14:31:44 -0500


Started GET "/assets/turbolinks.js?body=1" for 127.0.0.1 at 2015-11-11 14:31:44 -0500


Started GET "/assets/comments.js?body=1" for 127.0.0.1 at 2015-11-11 14:31:44 -0500


Started GET "/assets/links.js?body=1" for 127.0.0.1 at 2015-11-11 14:31:44 -0500


Started GET "/assets/application.js?body=1" for 127.0.0.1 at 2015-11-11 14:31:44 -0500


Started GET "/images/reddit-logo.png" for 127.0.0.1 at 2015-11-11 14:31:44 -0500

ActionController::RoutingError (No route matches [GET] "/images/reddit-logo.png"):
  actionpack (4.1.5) lib/action_dispatch/middleware/debug_exceptions.rb:21:in `call'
  actionpack (4.1.5) lib/action_dispatch/middleware/show_exceptions.rb:30:in `call'
  railties (4.1.5) lib/rails/rack/logger.rb:38:in `call_app'
  railties (4.1.5) lib/rails/rack/logger.rb:20:in `block in call'
  activesupport (4.1.5) lib/active_support/tagged_logging.rb:68:in `block in tagged'
  activesupport (4.1.5) lib/active_support/tagged_logging.rb:26:in `tagged'
  activesupport (4.1.5) lib/active_support/tagged_logging.rb:68:in `tagged'
  railties (4.1.5) lib/rails/rack/logger.rb:20:in `call'
  actionpack (4.1.5) lib/action_dispatch/middleware/request_id.rb:21:in `call'
  rack (1.5.2) lib/rack/methodoverride.rb:21:in `call'
  rack (1.5.2) lib/rack/runtime.rb:17:in `call'
  activesupport (4.1.5) lib/active_support/cache/strategy/local_cache_middleware.rb:26:in `call'
  rack (1.5.2) lib/rack/lock.rb:17:in `call'
  actionpack (4.1.5) lib/action_dispatch/middleware/static.rb:64:in `call'
  rack (1.5.2) lib/rack/sendfile.rb:112:in `call'
  railties (4.1.5) lib/rails/engine.rb:514:in `call'
  railties (4.1.5) lib/rails/application.rb:144:in `call'
  rack (1.5.2) lib/rack/lock.rb:17:in `call'
  rack (1.5.2) lib/rack/content_length.rb:14:in `call'
  rack (1.5.2) lib/rack/handler/webrick.rb:60:in `service'
  /Users/Mithu/.rbenv/versions/2.2.2/lib/ruby/2.2.0/webrick/httpserver.rb:138:in `service'
  /Users/Mithu/.rbenv/versions/2.2.2/lib/ruby/2.2.0/webrick/httpserver.rb:94:in `run'
  /Users/Mithu/.rbenv/versions/2.2.2/lib/ruby/2.2.0/webrick/server.rb:294:in `block in start_thread'


  Rendered /Users/Mithu/.rbenv/versions/2.2.2/lib/ruby/gems/2.2.0/gems/actionpack-4.1.5/lib/action_dispatch/middleware/templates/rescues/_trace.html.erb (1.6ms)
  Rendered /Users/Mithu/.rbenv/versions/2.2.2/lib/ruby/gems/2.2.0/gems/actionpack-4.1.5/lib/action_dispatch/middleware/templates/routes/_route.html.erb (2.6ms)
  Rendered /Users/Mithu/.rbenv/versions/2.2.2/lib/ruby/gems/2.2.0/gems/actionpack-4.1.5/lib/action_dispatch/middleware/templates/routes/_table.html.erb (6.1ms)
  Rendered /Users/Mithu/.rbenv/versions/2.2.2/lib/ruby/gems/2.2.0/gems/actionpack-4.1.5/lib/action_dispatch/middleware/templates/rescues/routing_error.html.erb within rescues/layout (75.5ms)


Started GET "/" for 127.0.0.1 at 2015-11-11 14:32:12 -0500
Processing by LinksController#index as HTML
  [1m[35mLink Load (0.1ms)[0m  SELECT "links".* FROM "links"
  Rendered links/index.html.erb within layouts/application (0.4ms)
Completed 200 OK in 74ms (Views: 73.6ms | ActiveRecord: 0.1ms)


Started GET "/assets/links.css?body=1" for 127.0.0.1 at 2015-11-11 14:32:12 -0500


Started GET "/assets/scaffolds.css?body=1" for 127.0.0.1 at 2015-11-11 14:32:12 -0500


Started GET "/assets/bootstrap/affix.js?body=1" for 127.0.0.1 at 2015-11-11 14:32:12 -0500


Started GET "/assets/bootstrap/button.js?body=1" for 127.0.0.1 at 2015-11-11 14:32:12 -0500


Started GET "/assets/bootstrap/alert.js?body=1" for 127.0.0.1 at 2015-11-11 14:32:12 -0500


Started GET "/assets/jquery.js?body=1" for 127.0.0.1 at 2015-11-11 14:32:12 -0500


Started GET "/assets/bootstrap/carousel.js?body=1" for 127.0.0.1 at 2015-11-11 14:32:12 -0500


Started GET "/assets/bootstrap/collapse.js?body=1" for 127.0.0.1 at 2015-11-11 14:32:12 -0500


Started GET "/assets/bootstrap/dropdown.js?body=1" for 127.0.0.1 at 2015-11-11 14:32:12 -0500


Started GET "/assets/bootstrap/transition.js?body=1" for 127.0.0.1 at 2015-11-11 14:32:12 -0500


Started GET "/assets/bootstrap/tab.js?body=1" for 127.0.0.1 at 2015-11-11 14:32:12 -0500


Started GET "/assets/bootstrap/scrollspy.js?body=1" for 127.0.0.1 at 2015-11-11 14:32:12 -0500


Started GET "/assets/bootstrap/modal.js?body=1" for 127.0.0.1 at 2015-11-11 14:32:12 -0500


Started GET "/assets/bootstrap/tooltip.js?body=1" for 127.0.0.1 at 2015-11-11 14:32:12 -0500


Started GET "/assets/bootstrap/popover.js?body=1" for 127.0.0.1 at 2015-11-11 14:32:12 -0500


Started GET "/assets/bootstrap-sprockets.js?body=1" for 127.0.0.1 at 2015-11-11 14:32:12 -0500


Started GET "/assets/jquery_ujs.js?body=1" for 127.0.0.1 at 2015-11-11 14:32:12 -0500


Started GET "/assets/turbolinks.js?body=1" for 127.0.0.1 at 2015-11-11 14:32:12 -0500


Started GET "/assets/comments.js?body=1" for 127.0.0.1 at 2015-11-11 14:32:12 -0500


Started GET "/assets/application.js?body=1" for 127.0.0.1 at 2015-11-11 14:32:12 -0500


Started GET "/assets/links.js?body=1" for 127.0.0.1 at 2015-11-11 14:32:12 -0500


Started GET "/assets/reddit-logo.png" for 127.0.0.1 at 2015-11-11 14:32:12 -0500


Started GET "/users/sign_up" for 127.0.0.1 at 2015-11-11 14:32:15 -0500
Processing by Devise::RegistrationsController#new as HTML
  Rendered devise/shared/_links.erb (1.3ms)
  Rendered devise/registrations/new.html.erb within layouts/application (31.8ms)
Completed 200 OK in 105ms (Views: 102.1ms | ActiveRecord: 0.5ms)


Started POST "/users" for 127.0.0.1 at 2015-11-11 14:32:25 -0500
Processing by Devise::RegistrationsController#create as HTML
  Parameters: {"utf8"=>"✓", "authenticity_token"=>"Pi96oAHy1GJ7t3/NnhCaPkHHT0SFOYye8erVpHvPKV0=", "user"=>{"name"=>"Mithu", "email"=>"mithu@gmail.com", "password"=>"[FILTERED]", "password_confirmation"=>"[FILTERED]"}, "commit"=>"Sign up"}
  [1m[36m (0.1ms)[0m  [1mbegin transaction[0m
  [1m[35mUser Exists (0.1ms)[0m  SELECT  1 AS one FROM "users"  WHERE "users"."email" = 'mithu@gmail.com' LIMIT 1
Binary data inserted for `string` type on column `encrypted_password`
  [1m[36mSQL (0.4ms)[0m  [1mINSERT INTO "users" ("created_at", "email", "encrypted_password", "name", "updated_at") VALUES (?, ?, ?, ?, ?)[0m  [["created_at", "2015-11-11 19:32:25.118113"], ["email", "mithu@gmail.com"], ["encrypted_password", "$2a$10$Pe0ZiNVLH2BsStAHWweDPOUOrsdaU7tZj8.JUqDnr4Bny0/4RE/5G"], ["name", "Mithu"], ["updated_at", "2015-11-11 19:32:25.118113"]]
  [1m[35m (0.4ms)[0m  commit transaction
  [1m[36m (0.0ms)[0m  [1mbegin transaction[0m
Binary data inserted for `string` type on column `current_sign_in_ip`
Binary data inserted for `string` type on column `last_sign_in_ip`
  [1m[35mSQL (0.2ms)[0m  UPDATE "users" SET "current_sign_in_at" = ?, "current_sign_in_ip" = ?, "last_sign_in_at" = ?, "last_sign_in_ip" = ?, "sign_in_count" = ?, "updated_at" = ? WHERE "users"."id" = 1  [["current_sign_in_at", "2015-11-11 19:32:25.121817"], ["current_sign_in_ip", "127.0.0.1"], ["last_sign_in_at", "2015-11-11 19:32:25.121817"], ["last_sign_in_ip", "127.0.0.1"], ["sign_in_count", 1], ["updated_at", "2015-11-11 19:32:25.122501"]]
  [1m[36m (0.4ms)[0m  [1mcommit transaction[0m
Redirected to http://localhost:3000/
Completed 302 Found in 95ms (ActiveRecord: 1.7ms)


Started GET "/" for 127.0.0.1 at 2015-11-11 14:32:25 -0500
Processing by LinksController#index as HTML
  [1m[35mLink Load (0.1ms)[0m  SELECT "links".* FROM "links"
  Rendered links/index.html.erb within layouts/application (0.5ms)
  [1m[36mUser Load (0.1ms)[0m  [1mSELECT  "users".* FROM "users"  WHERE "users"."id" = 1  ORDER BY "users"."id" ASC LIMIT 1[0m
Completed 200 OK in 70ms (Views: 69.0ms | ActiveRecord: 0.3ms)


Started GET "/assets/links.css?body=1" for 127.0.0.1 at 2015-11-11 14:32:25 -0500


Started GET "/assets/scaffolds.css?body=1" for 127.0.0.1 at 2015-11-11 14:32:25 -0500


Started GET "/assets/jquery.js?body=1" for 127.0.0.1 at 2015-11-11 14:32:25 -0500


Started GET "/assets/bootstrap/affix.js?body=1" for 127.0.0.1 at 2015-11-11 14:32:25 -0500


Started GET "/assets/bootstrap/alert.js?body=1" for 127.0.0.1 at 2015-11-11 14:32:25 -0500


Started GET "/assets/bootstrap/button.js?body=1" for 127.0.0.1 at 2015-11-11 14:32:25 -0500


Started GET "/assets/bootstrap/carousel.js?body=1" for 127.0.0.1 at 2015-11-11 14:32:25 -0500


Started GET "/assets/bootstrap/collapse.js?body=1" for 127.0.0.1 at 2015-11-11 14:32:25 -0500


Started GET "/assets/bootstrap/dropdown.js?body=1" for 127.0.0.1 at 2015-11-11 14:32:25 -0500


Started GET "/assets/bootstrap/tab.js?body=1" for 127.0.0.1 at 2015-11-11 14:32:25 -0500


Started GET "/assets/bootstrap/transition.js?body=1" for 127.0.0.1 at 2015-11-11 14:32:25 -0500


Started GET "/assets/bootstrap/scrollspy.js?body=1" for 127.0.0.1 at 2015-11-11 14:32:25 -0500


Started GET "/assets/bootstrap/modal.js?body=1" for 127.0.0.1 at 2015-11-11 14:32:25 -0500


Started GET "/assets/bootstrap/tooltip.js?body=1" for 127.0.0.1 at 2015-11-11 14:32:25 -0500


Started GET "/assets/bootstrap/popover.js?body=1" for 127.0.0.1 at 2015-11-11 14:32:25 -0500


Started GET "/assets/jquery_ujs.js?body=1" for 127.0.0.1 at 2015-11-11 14:32:25 -0500


Started GET "/assets/bootstrap-sprockets.js?body=1" for 127.0.0.1 at 2015-11-11 14:32:25 -0500


Started GET "/assets/turbolinks.js?body=1" for 127.0.0.1 at 2015-11-11 14:32:25 -0500


Started GET "/assets/comments.js?body=1" for 127.0.0.1 at 2015-11-11 14:32:25 -0500


Started GET "/assets/links.js?body=1" for 127.0.0.1 at 2015-11-11 14:32:25 -0500


Started GET "/assets/application.js?body=1" for 127.0.0.1 at 2015-11-11 14:32:25 -0500


Started GET "/assets/reddit-logo.png" for 127.0.0.1 at 2015-11-11 14:32:25 -0500


Started GET "/links/new" for 127.0.0.1 at 2015-11-11 14:32:27 -0500
Processing by LinksController#new as HTML
  [1m[35mUser Load (0.1ms)[0m  SELECT  "users".* FROM "users"  WHERE "users"."id" = 1  ORDER BY "users"."id" ASC LIMIT 1
  Rendered links/_form.html.erb (1.7ms)
  Rendered links/new.html.erb within layouts/application (3.4ms)
Completed 200 OK in 80ms (Views: 61.1ms | ActiveRecord: 0.4ms)


Started POST "/links" for 127.0.0.1 at 2015-11-11 14:32:36 -0500
Processing by LinksController#create as HTML
  Parameters: {"utf8"=>"✓", "authenticity_token"=>"Pi96oAHy1GJ7t3/NnhCaPkHHT0SFOYye8erVpHvPKV0=", "link"=>{"title"=>"Facebook", "url"=>"fa"}, "commit"=>"Submit"}
  [1m[36mUser Load (0.2ms)[0m  [1mSELECT  "users".* FROM "users"  WHERE "users"."id" = 1  ORDER BY "users"."id" ASC LIMIT 1[0m
  [1m[35m (0.0ms)[0m  begin transaction
  [1m[36mSQL (0.3ms)[0m  [1mINSERT INTO "links" ("created_at", "title", "updated_at", "url", "user_id") VALUES (?, ?, ?, ?, ?)[0m  [["created_at", "2015-11-11 19:32:36.458384"], ["title", "Facebook"], ["updated_at", "2015-11-11 19:32:36.458384"], ["url", "fa"], ["user_id", 1]]
  [1m[35m (0.5ms)[0m  commit transaction
Redirected to http://localhost:3000/links/1
Completed 302 Found in 8ms (ActiveRecord: 1.0ms)


Started GET "/links/1" for 127.0.0.1 at 2015-11-11 14:32:36 -0500
Processing by LinksController#show as HTML
  Parameters: {"id"=>"1"}
  [1m[36mLink Load (0.1ms)[0m  [1mSELECT  "links".* FROM "links"  WHERE "links"."id" = ? LIMIT 1[0m  [["id", 1]]
  [1m[35mUser Load (0.1ms)[0m  SELECT  "users".* FROM "users"  WHERE "users"."id" = ? LIMIT 1  [["id", 1]]
  [1m[36m (0.1ms)[0m  [1mSELECT COUNT(*) FROM "votes"  WHERE "votes"."votable_id" = ? AND "votes"."votable_type" = ? AND "votes"."vote_flag" = 't' AND "votes"."vote_scope" IS NULL[0m  [["votable_id", 1], ["votable_type", "Link"]]
  [1m[35m (0.1ms)[0m  SELECT COUNT(*) FROM "votes"  WHERE "votes"."votable_id" = ? AND "votes"."votable_type" = ? AND "votes"."vote_flag" = 'f' AND "votes"."vote_scope" IS NULL  [["votable_id", 1], ["votable_type", "Link"]]
  [1m[36mUser Load (0.1ms)[0m  [1mSELECT  "users".* FROM "users"  WHERE "users"."id" = 1  ORDER BY "users"."id" ASC LIMIT 1[0m
  [1m[35m (0.1ms)[0m  SELECT COUNT(*) FROM "comments"  WHERE "comments"."link_id" = ?  [["link_id", 1]]
  [1m[36mComment Load (0.1ms)[0m  [1mSELECT "comments".* FROM "comments"  WHERE "comments"."link_id" = ?[0m  [["link_id", 1]]
  Rendered collection (0.0ms)
  Rendered links/show.html.erb within layouts/application (52.2ms)
Completed 200 OK in 120ms (Views: 117.9ms | ActiveRecord: 1.6ms)


Started GET "/assets/links.css?body=1" for 127.0.0.1 at 2015-11-11 14:32:36 -0500


Started GET "/assets/bootstrap/alert.js?body=1" for 127.0.0.1 at 2015-11-11 14:32:36 -0500


Started GET "/assets/scaffolds.css?body=1" for 127.0.0.1 at 2015-11-11 14:32:36 -0500


Started GET "/assets/bootstrap/button.js?body=1" for 127.0.0.1 at 2015-11-11 14:32:36 -0500


Started GET "/assets/bootstrap/affix.js?body=1" for 127.0.0.1 at 2015-11-11 14:32:36 -0500


Started GET "/assets/jquery.js?body=1" for 127.0.0.1 at 2015-11-11 14:32:36 -0500


Started GET "/assets/bootstrap/collapse.js?body=1" for 127.0.0.1 at 2015-11-11 14:32:36 -0500


Started GET "/assets/bootstrap/carousel.js?body=1" for 127.0.0.1 at 2015-11-11 14:32:36 -0500


Started GET "/assets/bootstrap/tab.js?body=1" for 127.0.0.1 at 2015-11-11 14:32:36 -0500


Started GET "/assets/bootstrap/dropdown.js?body=1" for 127.0.0.1 at 2015-11-11 14:32:36 -0500


Started GET "/assets/bootstrap/transition.js?body=1" for 127.0.0.1 at 2015-11-11 14:32:36 -0500


Started GET "/assets/bootstrap/modal.js?body=1" for 127.0.0.1 at 2015-11-11 14:32:36 -0500


Started GET "/assets/bootstrap/scrollspy.js?body=1" for 127.0.0.1 at 2015-11-11 14:32:36 -0500


Started GET "/assets/bootstrap/tooltip.js?body=1" for 127.0.0.1 at 2015-11-11 14:32:36 -0500


Started GET "/assets/bootstrap/popover.js?body=1" for 127.0.0.1 at 2015-11-11 14:32:36 -0500


Started GET "/assets/jquery_ujs.js?body=1" for 127.0.0.1 at 2015-11-11 14:32:36 -0500


Started GET "/assets/bootstrap-sprockets.js?body=1" for 127.0.0.1 at 2015-11-11 14:32:36 -0500


Started GET "/assets/turbolinks.js?body=1" for 127.0.0.1 at 2015-11-11 14:32:36 -0500


Started GET "/assets/comments.js?body=1" for 127.0.0.1 at 2015-11-11 14:32:36 -0500


Started GET "/assets/links.js?body=1" for 127.0.0.1 at 2015-11-11 14:32:36 -0500


Started GET "/assets/application.js?body=1" for 127.0.0.1 at 2015-11-11 14:32:36 -0500


Started GET "/assets/reddit-logo.png" for 127.0.0.1 at 2015-11-11 14:32:36 -0500


Started GET "/assets/bootstrap/glyphicons-halflings-regular.woff" for 127.0.0.1 at 2015-11-11 14:32:36 -0500


Started GET "/links/1/edit" for 127.0.0.1 at 2015-11-11 14:32:38 -0500
Processing by LinksController#edit as HTML
  Parameters: {"id"=>"1"}
  [1m[35mLink Load (0.1ms)[0m  SELECT  "links".* FROM "links"  WHERE "links"."id" = ? LIMIT 1  [["id", 1]]
  [1m[36mUser Load (0.1ms)[0m  [1mSELECT  "users".* FROM "users"  WHERE "users"."id" = 1  ORDER BY "users"."id" ASC LIMIT 1[0m
  [1m[35mLink Load (0.1ms)[0m  SELECT  "links".* FROM "links"  WHERE "links"."user_id" = ? AND "links"."id" = 1 LIMIT 1  [["user_id", 1]]
  Rendered links/_form.html.erb (1.2ms)
  Rendered links/edit.html.erb within layouts/application (3.1ms)
Completed 200 OK in 75ms (Views: 72.5ms | ActiveRecord: 0.3ms)


Started PATCH "/links/1" for 127.0.0.1 at 2015-11-11 14:32:41 -0500
Processing by LinksController#update as HTML
  Parameters: {"utf8"=>"✓", "authenticity_token"=>"Pi96oAHy1GJ7t3/NnhCaPkHHT0SFOYye8erVpHvPKV0=", "link"=>{"title"=>"Facebook", "url"=>"facebook.com"}, "commit"=>"Submit", "id"=>"1"}
  [1m[36mLink Load (0.1ms)[0m  [1mSELECT  "links".* FROM "links"  WHERE "links"."id" = ? LIMIT 1[0m  [["id", 1]]
  [1m[35mUser Load (0.1ms)[0m  SELECT  "users".* FROM "users"  WHERE "users"."id" = 1  ORDER BY "users"."id" ASC LIMIT 1
  [1m[36mLink Load (0.1ms)[0m  [1mSELECT  "links".* FROM "links"  WHERE "links"."user_id" = ? AND "links"."id" = 1 LIMIT 1[0m  [["user_id", 1]]
  [1m[35m (0.0ms)[0m  begin transaction
  [1m[36mSQL (0.3ms)[0m  [1mUPDATE "links" SET "updated_at" = ?, "url" = ? WHERE "links"."id" = 1[0m  [["updated_at", "2015-11-11 19:32:41.790127"], ["url", "facebook.com"]]
  [1m[35m (0.5ms)[0m  commit transaction
Redirected to http://localhost:3000/links/1
Completed 302 Found in 5ms (ActiveRecord: 1.1ms)


Started GET "/links/1" for 127.0.0.1 at 2015-11-11 14:32:41 -0500
Processing by LinksController#show as HTML
  Parameters: {"id"=>"1"}
  [1m[36mLink Load (0.1ms)[0m  [1mSELECT  "links".* FROM "links"  WHERE "links"."id" = ? LIMIT 1[0m  [["id", 1]]
  [1m[35mUser Load (0.1ms)[0m  SELECT  "users".* FROM "users"  WHERE "users"."id" = ? LIMIT 1  [["id", 1]]
  [1m[36m (0.1ms)[0m  [1mSELECT COUNT(*) FROM "votes"  WHERE "votes"."votable_id" = ? AND "votes"."votable_type" = ? AND "votes"."vote_flag" = 't' AND "votes"."vote_scope" IS NULL[0m  [["votable_id", 1], ["votable_type", "Link"]]
  [1m[35m (0.1ms)[0m  SELECT COUNT(*) FROM "votes"  WHERE "votes"."votable_id" = ? AND "votes"."votable_type" = ? AND "votes"."vote_flag" = 'f' AND "votes"."vote_scope" IS NULL  [["votable_id", 1], ["votable_type", "Link"]]
  [1m[36mUser Load (0.1ms)[0m  [1mSELECT  "users".* FROM "users"  WHERE "users"."id" = 1  ORDER BY "users"."id" ASC LIMIT 1[0m
  [1m[35m (0.1ms)[0m  SELECT COUNT(*) FROM "comments"  WHERE "comments"."link_id" = ?  [["link_id", 1]]
  [1m[36mComment Load (0.0ms)[0m  [1mSELECT "comments".* FROM "comments"  WHERE "comments"."link_id" = ?[0m  [["link_id", 1]]
  Rendered collection (0.0ms)
  Rendered links/show.html.erb within layouts/application (5.2ms)
Completed 200 OK in 70ms (Views: 68.9ms | ActiveRecord: 0.5ms)


Started GET "/assets/links.css?body=1" for 127.0.0.1 at 2015-11-11 14:32:41 -0500


Started GET "/assets/bootstrap/affix.js?body=1" for 127.0.0.1 at 2015-11-11 14:32:41 -0500


Started GET "/assets/scaffolds.css?body=1" for 127.0.0.1 at 2015-11-11 14:32:41 -0500


Started GET "/assets/jquery.js?body=1" for 127.0.0.1 at 2015-11-11 14:32:41 -0500


Started GET "/assets/bootstrap/alert.js?body=1" for 127.0.0.1 at 2015-11-11 14:32:41 -0500


Started GET "/assets/bootstrap/button.js?body=1" for 127.0.0.1 at 2015-11-11 14:32:41 -0500


Started GET "/assets/bootstrap/collapse.js?body=1" for 127.0.0.1 at 2015-11-11 14:32:41 -0500


Started GET "/assets/bootstrap/dropdown.js?body=1" for 127.0.0.1 at 2015-11-11 14:32:41 -0500


Started GET "/assets/bootstrap/carousel.js?body=1" for 127.0.0.1 at 2015-11-11 14:32:41 -0500


Started GET "/assets/bootstrap/tab.js?body=1" for 127.0.0.1 at 2015-11-11 14:32:41 -0500


Started GET "/assets/bootstrap/transition.js?body=1" for 127.0.0.1 at 2015-11-11 14:32:41 -0500


Started GET "/assets/bootstrap/modal.js?body=1" for 127.0.0.1 at 2015-11-11 14:32:41 -0500


Started GET "/assets/bootstrap/scrollspy.js?body=1" for 127.0.0.1 at 2015-11-11 14:32:41 -0500


Started GET "/assets/bootstrap/tooltip.js?body=1" for 127.0.0.1 at 2015-11-11 14:32:41 -0500


Started GET "/assets/bootstrap/popover.js?body=1" for 127.0.0.1 at 2015-11-11 14:32:41 -0500


Started GET "/assets/bootstrap-sprockets.js?body=1" for 127.0.0.1 at 2015-11-11 14:32:41 -0500


Started GET "/assets/jquery_ujs.js?body=1" for 127.0.0.1 at 2015-11-11 14:32:41 -0500


Started GET "/assets/turbolinks.js?body=1" for 127.0.0.1 at 2015-11-11 14:32:41 -0500


Started GET "/assets/comments.js?body=1" for 127.0.0.1 at 2015-11-11 14:32:41 -0500


Started GET "/assets/links.js?body=1" for 127.0.0.1 at 2015-11-11 14:32:41 -0500


Started GET "/assets/application.js?body=1" for 127.0.0.1 at 2015-11-11 14:32:41 -0500


Started GET "/assets/reddit-logo.png" for 127.0.0.1 at 2015-11-11 14:32:41 -0500


Started GET "/assets/bootstrap/glyphicons-halflings-regular.woff" for 127.0.0.1 at 2015-11-11 14:32:42 -0500


Started POST "/links/1/comments" for 127.0.0.1 at 2015-11-11 14:32:51 -0500
Processing by CommentsController#create as HTML
  Parameters: {"utf8"=>"✓", "authenticity_token"=>"Pi96oAHy1GJ7t3/NnhCaPkHHT0SFOYye8erVpHvPKV0=", "comment"=>{"body"=>"like"}, "commit"=>"Add Comment", "link_id"=>"1"}
  [1m[35mUser Load (0.1ms)[0m  SELECT  "users".* FROM "users"  WHERE "users"."id" = 1  ORDER BY "users"."id" ASC LIMIT 1
  [1m[36mLink Load (0.1ms)[0m  [1mSELECT  "links".* FROM "links"  WHERE "links"."id" = ? LIMIT 1[0m  [["id", 1]]
  [1m[35m (0.0ms)[0m  begin transaction
  [1m[36mSQL (0.3ms)[0m  [1mINSERT INTO "comments" ("body", "created_at", "link_id", "updated_at", "user_id") VALUES (?, ?, ?, ?, ?)[0m  [["body", "like"], ["created_at", "2015-11-11 19:32:51.345223"], ["link_id", 1], ["updated_at", "2015-11-11 19:32:51.345223"], ["user_id", 1]]
  [1m[35m (2.2ms)[0m  commit transaction
Redirected to http://localhost:3000/links/1
Completed 302 Found in 11ms (ActiveRecord: 2.7ms)


Started GET "/links/1" for 127.0.0.1 at 2015-11-11 14:32:51 -0500
Processing by LinksController#show as HTML
  Parameters: {"id"=>"1"}
  [1m[36mLink Load (0.1ms)[0m  [1mSELECT  "links".* FROM "links"  WHERE "links"."id" = ? LIMIT 1[0m  [["id", 1]]
  [1m[35mUser Load (0.1ms)[0m  SELECT  "users".* FROM "users"  WHERE "users"."id" = ? LIMIT 1  [["id", 1]]
  [1m[36m (0.1ms)[0m  [1mSELECT COUNT(*) FROM "votes"  WHERE "votes"."votable_id" = ? AND "votes"."votable_type" = ? AND "votes"."vote_flag" = 't' AND "votes"."vote_scope" IS NULL[0m  [["votable_id", 1], ["votable_type", "Link"]]
  [1m[35m (0.1ms)[0m  SELECT COUNT(*) FROM "votes"  WHERE "votes"."votable_id" = ? AND "votes"."votable_type" = ? AND "votes"."vote_flag" = 'f' AND "votes"."vote_scope" IS NULL  [["votable_id", 1], ["votable_type", "Link"]]
  [1m[36mUser Load (0.1ms)[0m  [1mSELECT  "users".* FROM "users"  WHERE "users"."id" = 1  ORDER BY "users"."id" ASC LIMIT 1[0m
  [1m[35m (0.1ms)[0m  SELECT COUNT(*) FROM "comments"  WHERE "comments"."link_id" = ?  [["link_id", 1]]
  [1m[36mComment Load (0.1ms)[0m  [1mSELECT "comments".* FROM "comments"  WHERE "comments"."link_id" = ?[0m  [["link_id", 1]]
  [1m[35mCACHE (0.0ms)[0m  SELECT  "users".* FROM "users"  WHERE "users"."id" = ? LIMIT 1  [["id", 1]]
  Rendered comments/_comment.html.erb (1.6ms)
  Rendered links/show.html.erb within layouts/application (8.5ms)
Completed 200 OK in 87ms (Views: 85.2ms | ActiveRecord: 0.6ms)


Started GET "/assets/scaffolds.css?body=1" for 127.0.0.1 at 2015-11-11 14:32:51 -0500


Started GET "/assets/bootstrap/affix.js?body=1" for 127.0.0.1 at 2015-11-11 14:32:51 -0500


Started GET "/assets/links.css?body=1" for 127.0.0.1 at 2015-11-11 14:32:51 -0500


Started GET "/assets/jquery.js?body=1" for 127.0.0.1 at 2015-11-11 14:32:51 -0500


Started GET "/assets/bootstrap/alert.js?body=1" for 127.0.0.1 at 2015-11-11 14:32:51 -0500


Started GET "/assets/bootstrap/button.js?body=1" for 127.0.0.1 at 2015-11-11 14:32:51 -0500


Started GET "/assets/bootstrap/carousel.js?body=1" for 127.0.0.1 at 2015-11-11 14:32:51 -0500


Started GET "/assets/bootstrap/collapse.js?body=1" for 127.0.0.1 at 2015-11-11 14:32:51 -0500


Started GET "/assets/bootstrap/dropdown.js?body=1" for 127.0.0.1 at 2015-11-11 14:32:51 -0500


Started GET "/assets/bootstrap/tab.js?body=1" for 127.0.0.1 at 2015-11-11 14:32:51 -0500


Started GET "/assets/bootstrap/transition.js?body=1" for 127.0.0.1 at 2015-11-11 14:32:51 -0500


Started GET "/assets/bootstrap/scrollspy.js?body=1" for 127.0.0.1 at 2015-11-11 14:32:51 -0500


Started GET "/assets/bootstrap/modal.js?body=1" for 127.0.0.1 at 2015-11-11 14:32:51 -0500


Started GET "/assets/bootstrap/tooltip.js?body=1" for 127.0.0.1 at 2015-11-11 14:32:51 -0500


Started GET "/assets/bootstrap/popover.js?body=1" for 127.0.0.1 at 2015-11-11 14:32:51 -0500


Started GET "/assets/bootstrap-sprockets.js?body=1" for 127.0.0.1 at 2015-11-11 14:32:51 -0500


Started GET "/assets/jquery_ujs.js?body=1" for 127.0.0.1 at 2015-11-11 14:32:51 -0500


Started GET "/assets/turbolinks.js?body=1" for 127.0.0.1 at 2015-11-11 14:32:51 -0500


Started GET "/assets/comments.js?body=1" for 127.0.0.1 at 2015-11-11 14:32:51 -0500


Started GET "/assets/links.js?body=1" for 127.0.0.1 at 2015-11-11 14:32:51 -0500


Started GET "/assets/application.js?body=1" for 127.0.0.1 at 2015-11-11 14:32:51 -0500


Started GET "/assets/reddit-logo.png" for 127.0.0.1 at 2015-11-11 14:32:51 -0500


Started GET "/assets/bootstrap/glyphicons-halflings-regular.woff" for 127.0.0.1 at 2015-11-11 14:32:51 -0500


Started PUT "/links/1/like" for 127.0.0.1 at 2015-11-11 14:32:53 -0500
Processing by LinksController#upvote as HTML
  Parameters: {"authenticity_token"=>"Pi96oAHy1GJ7t3/NnhCaPkHHT0SFOYye8erVpHvPKV0=", "id"=>"1"}
  [1m[36mUser Load (0.2ms)[0m  [1mSELECT  "users".* FROM "users"  WHERE "users"."id" = 1  ORDER BY "users"."id" ASC LIMIT 1[0m
  [1m[35mLink Load (0.1ms)[0m  SELECT  "links".* FROM "links"  WHERE "links"."id" = ? LIMIT 1  [["id", 1]]
  [1m[36m (0.1ms)[0m  [1mSELECT COUNT(*) FROM "votes"  WHERE "votes"."votable_id" = ? AND "votes"."votable_type" = ? AND "votes"."voter_id" = 1 AND "votes"."vote_scope" IS NULL AND "votes"."voter_type" = 'User'[0m  [["votable_id", 1], ["votable_type", "Link"]]
  [1m[35m (0.0ms)[0m  begin transaction
  [1m[36mSQL (0.3ms)[0m  [1mINSERT INTO "votes" ("created_at", "updated_at", "votable_id", "votable_type", "vote_flag", "vote_weight", "voter_id", "voter_type") VALUES (?, ?, ?, ?, ?, ?, ?, ?)[0m  [["created_at", "2015-11-11 19:32:53.379532"], ["updated_at", "2015-11-11 19:32:53.379532"], ["votable_id", 1], ["votable_type", "Link"], ["vote_flag", "t"], ["vote_weight", 1], ["voter_id", 1], ["voter_type", "User"]]
  [1m[35m (0.5ms)[0m  commit transaction
Redirected to http://localhost:3000/links/1
Completed 302 Found in 11ms (ActiveRecord: 1.3ms)


Started GET "/links/1" for 127.0.0.1 at 2015-11-11 14:32:53 -0500
Processing by LinksController#show as HTML
  Parameters: {"id"=>"1"}
  [1m[36mLink Load (0.1ms)[0m  [1mSELECT  "links".* FROM "links"  WHERE "links"."id" = ? LIMIT 1[0m  [["id", 1]]
  [1m[35mUser Load (0.1ms)[0m  SELECT  "users".* FROM "users"  WHERE "users"."id" = ? LIMIT 1  [["id", 1]]
  [1m[36m (0.1ms)[0m  [1mSELECT COUNT(*) FROM "votes"  WHERE "votes"."votable_id" = ? AND "votes"."votable_type" = ? AND "votes"."vote_flag" = 't' AND "votes"."vote_scope" IS NULL[0m  [["votable_id", 1], ["votable_type", "Link"]]
  [1m[35m (0.1ms)[0m  SELECT COUNT(*) FROM "votes"  WHERE "votes"."votable_id" = ? AND "votes"."votable_type" = ? AND "votes"."vote_flag" = 'f' AND "votes"."vote_scope" IS NULL  [["votable_id", 1], ["votable_type", "Link"]]
  [1m[36mUser Load (0.1ms)[0m  [1mSELECT  "users".* FROM "users"  WHERE "users"."id" = 1  ORDER BY "users"."id" ASC LIMIT 1[0m
  [1m[35m (0.1ms)[0m  SELECT COUNT(*) FROM "comments"  WHERE "comments"."link_id" = ?  [["link_id", 1]]
  [1m[36mComment Load (0.1ms)[0m  [1mSELECT "comments".* FROM "comments"  WHERE "comments"."link_id" = ?[0m  [["link_id", 1]]
  [1m[35mCACHE (0.0ms)[0m  SELECT  "users".* FROM "users"  WHERE "users"."id" = ? LIMIT 1  [["id", 1]]
  Rendered comments/_comment.html.erb (0.9ms)
  Rendered links/show.html.erb within layouts/application (7.2ms)
Completed 200 OK in 72ms (Views: 70.5ms | ActiveRecord: 0.6ms)


Started GET "/assets/links.css?body=1" for 127.0.0.1 at 2015-11-11 14:32:53 -0500


Started GET "/assets/jquery.js?body=1" for 127.0.0.1 at 2015-11-11 14:32:53 -0500


Started GET "/assets/scaffolds.css?body=1" for 127.0.0.1 at 2015-11-11 14:32:53 -0500


Started GET "/assets/bootstrap/button.js?body=1" for 127.0.0.1 at 2015-11-11 14:32:53 -0500


Started GET "/assets/bootstrap/affix.js?body=1" for 127.0.0.1 at 2015-11-11 14:32:53 -0500


Started GET "/assets/bootstrap/alert.js?body=1" for 127.0.0.1 at 2015-11-11 14:32:53 -0500


Started GET "/assets/bootstrap/carousel.js?body=1" for 127.0.0.1 at 2015-11-11 14:32:53 -0500


Started GET "/assets/bootstrap/collapse.js?body=1" for 127.0.0.1 at 2015-11-11 14:32:53 -0500


Started GET "/assets/bootstrap/dropdown.js?body=1" for 127.0.0.1 at 2015-11-11 14:32:53 -0500


Started GET "/assets/bootstrap/tab.js?body=1" for 127.0.0.1 at 2015-11-11 14:32:53 -0500


Started GET "/assets/bootstrap/transition.js?body=1" for 127.0.0.1 at 2015-11-11 14:32:53 -0500


Started GET "/assets/bootstrap/scrollspy.js?body=1" for 127.0.0.1 at 2015-11-11 14:32:53 -0500


Started GET "/assets/bootstrap/modal.js?body=1" for 127.0.0.1 at 2015-11-11 14:32:53 -0500


Started GET "/assets/bootstrap/tooltip.js?body=1" for 127.0.0.1 at 2015-11-11 14:32:53 -0500


Started GET "/assets/bootstrap/popover.js?body=1" for 127.0.0.1 at 2015-11-11 14:32:53 -0500


Started GET "/assets/bootstrap-sprockets.js?body=1" for 127.0.0.1 at 2015-11-11 14:32:53 -0500


Started GET "/assets/jquery_ujs.js?body=1" for 127.0.0.1 at 2015-11-11 14:32:53 -0500


Started GET "/assets/turbolinks.js?body=1" for 127.0.0.1 at 2015-11-11 14:32:53 -0500


Started GET "/assets/comments.js?body=1" for 127.0.0.1 at 2015-11-11 14:32:53 -0500


Started GET "/assets/links.js?body=1" for 127.0.0.1 at 2015-11-11 14:32:53 -0500


Started GET "/assets/application.js?body=1" for 127.0.0.1 at 2015-11-11 14:32:53 -0500


Started GET "/assets/reddit-logo.png" for 127.0.0.1 at 2015-11-11 14:32:53 -0500


Started GET "/assets/bootstrap/glyphicons-halflings-regular.woff" for 127.0.0.1 at 2015-11-11 14:32:53 -0500


Started DELETE "/users/sign_out" for 127.0.0.1 at 2015-11-11 14:32:56 -0500
Processing by Devise::SessionsController#destroy as HTML
  Parameters: {"authenticity_token"=>"Pi96oAHy1GJ7t3/NnhCaPkHHT0SFOYye8erVpHvPKV0="}
  [1m[36mUser Load (0.1ms)[0m  [1mSELECT  "users".* FROM "users"  WHERE "users"."id" = 1  ORDER BY "users"."id" ASC LIMIT 1[0m
  [1m[35m (0.1ms)[0m  begin transaction
  [1m[36m (0.0ms)[0m  [1mcommit transaction[0m
Redirected to http://localhost:3000/
Completed 302 Found in 5ms (ActiveRecord: 0.2ms)


Started GET "/" for 127.0.0.1 at 2015-11-11 14:32:56 -0500
Processing by LinksController#index as HTML
  [1m[35mLink Load (0.1ms)[0m  SELECT "links".* FROM "links"
  [1m[36mUser Load (0.1ms)[0m  [1mSELECT  "users".* FROM "users"  WHERE "users"."id" = ? LIMIT 1[0m  [["id", 1]]
  [1m[35m (0.1ms)[0m  SELECT COUNT(*) FROM "votes"  WHERE "votes"."votable_id" = ? AND "votes"."votable_type" = ? AND "votes"."vote_flag" = 't' AND "votes"."vote_scope" IS NULL  [["votable_id", 1], ["votable_type", "Link"]]
  [1m[36m (0.1ms)[0m  [1mSELECT COUNT(*) FROM "votes"  WHERE "votes"."votable_id" = ? AND "votes"."votable_type" = ? AND "votes"."vote_flag" = 'f' AND "votes"."vote_scope" IS NULL[0m  [["votable_id", 1], ["votable_type", "Link"]]
  [1m[35m (0.1ms)[0m  SELECT COUNT(*) FROM "comments"  WHERE "comments"."link_id" = ?  [["link_id", 1]]
  Rendered links/index.html.erb within layouts/application (4.1ms)
Completed 200 OK in 64ms (Views: 63.2ms | ActiveRecord: 0.4ms)


Started GET "/assets/links.css?body=1" for 127.0.0.1 at 2015-11-11 14:32:56 -0500


Started GET "/assets/scaffolds.css?body=1" for 127.0.0.1 at 2015-11-11 14:32:56 -0500


Started GET "/assets/bootstrap/button.js?body=1" for 127.0.0.1 at 2015-11-11 14:32:56 -0500


Started GET "/assets/jquery.js?body=1" for 127.0.0.1 at 2015-11-11 14:32:56 -0500


Started GET "/assets/bootstrap/affix.js?body=1" for 127.0.0.1 at 2015-11-11 14:32:56 -0500


Started GET "/assets/bootstrap/alert.js?body=1" for 127.0.0.1 at 2015-11-11 14:32:56 -0500


Started GET "/assets/bootstrap/carousel.js?body=1" for 127.0.0.1 at 2015-11-11 14:32:56 -0500


Started GET "/assets/bootstrap/collapse.js?body=1" for 127.0.0.1 at 2015-11-11 14:32:56 -0500


Started GET "/assets/bootstrap/dropdown.js?body=1" for 127.0.0.1 at 2015-11-11 14:32:56 -0500


Started GET "/assets/bootstrap/tab.js?body=1" for 127.0.0.1 at 2015-11-11 14:32:56 -0500


Started GET "/assets/bootstrap/transition.js?body=1" for 127.0.0.1 at 2015-11-11 14:32:56 -0500


Started GET "/assets/bootstrap/scrollspy.js?body=1" for 127.0.0.1 at 2015-11-11 14:32:56 -0500


Started GET "/assets/bootstrap/modal.js?body=1" for 127.0.0.1 at 2015-11-11 14:32:56 -0500


Started GET "/assets/bootstrap/tooltip.js?body=1" for 127.0.0.1 at 2015-11-11 14:32:56 -0500


Started GET "/assets/bootstrap/popover.js?body=1" for 127.0.0.1 at 2015-11-11 14:32:56 -0500


Started GET "/assets/bootstrap-sprockets.js?body=1" for 127.0.0.1 at 2015-11-11 14:32:56 -0500


Started GET "/assets/jquery_ujs.js?body=1" for 127.0.0.1 at 2015-11-11 14:32:56 -0500


Started GET "/assets/turbolinks.js?body=1" for 127.0.0.1 at 2015-11-11 14:32:56 -0500


Started GET "/assets/comments.js?body=1" for 127.0.0.1 at 2015-11-11 14:32:56 -0500


Started GET "/assets/links.js?body=1" for 127.0.0.1 at 2015-11-11 14:32:56 -0500


Started GET "/assets/application.js?body=1" for 127.0.0.1 at 2015-11-11 14:32:56 -0500


Started GET "/assets/reddit-logo.png" for 127.0.0.1 at 2015-11-11 14:32:56 -0500


Started GET "/assets/bootstrap/glyphicons-halflings-regular.woff" for 127.0.0.1 at 2015-11-11 14:32:56 -0500


Started GET "/users/sign_up" for 127.0.0.1 at 2015-11-11 14:32:57 -0500
Processing by Devise::RegistrationsController#new as HTML
  Rendered devise/shared/_links.erb (0.2ms)
  Rendered devise/registrations/new.html.erb within layouts/application (3.5ms)
Completed 200 OK in 80ms (Views: 79.1ms | ActiveRecord: 0.0ms)


Started POST "/users" for 127.0.0.1 at 2015-11-11 14:33:05 -0500
Processing by Devise::RegistrationsController#create as HTML
  Parameters: {"utf8"=>"✓", "authenticity_token"=>"5baz8gSs2ddg2UelIjT5AcIbyO90bsaaU8f+tRUVOhQ=", "user"=>{"name"=>"test", "email"=>"test@gmail.com", "password"=>"[FILTERED]", "password_confirmation"=>"[FILTERED]"}, "commit"=>"Sign up"}
  [1m[36m (0.1ms)[0m  [1mbegin transaction[0m
  [1m[35mUser Exists (0.1ms)[0m  SELECT  1 AS one FROM "users"  WHERE "users"."email" = 'test@gmail.com' LIMIT 1
Binary data inserted for `string` type on column `encrypted_password`
  [1m[36mSQL (0.3ms)[0m  [1mINSERT INTO "users" ("created_at", "email", "encrypted_password", "name", "updated_at") VALUES (?, ?, ?, ?, ?)[0m  [["created_at", "2015-11-11 19:33:05.370323"], ["email", "test@gmail.com"], ["encrypted_password", "$2a$10$M/LM8I3A7fnTuyxoQstcXujk1s6bdwGokN2PEskdzWo.hLzg576sS"], ["name", "test"], ["updated_at", "2015-11-11 19:33:05.370323"]]
  [1m[35m (2.5ms)[0m  commit transaction
  [1m[36m (0.1ms)[0m  [1mbegin transaction[0m
Binary data inserted for `string` type on column `current_sign_in_ip`
Binary data inserted for `string` type on column `last_sign_in_ip`
  [1m[35mSQL (0.3ms)[0m  UPDATE "users" SET "current_sign_in_at" = ?, "current_sign_in_ip" = ?, "last_sign_in_at" = ?, "last_sign_in_ip" = ?, "sign_in_count" = ?, "updated_at" = ? WHERE "users"."id" = 2  [["current_sign_in_at", "2015-11-11 19:33:05.374531"], ["current_sign_in_ip", "127.0.0.1"], ["last_sign_in_at", "2015-11-11 19:33:05.374531"], ["last_sign_in_ip", "127.0.0.1"], ["sign_in_count", 1], ["updated_at", "2015-11-11 19:33:05.375059"]]
  [1m[36m (0.5ms)[0m  [1mcommit transaction[0m
Redirected to http://localhost:3000/
Completed 302 Found in 84ms (ActiveRecord: 3.8ms)


Started GET "/" for 127.0.0.1 at 2015-11-11 14:33:05 -0500
Processing by LinksController#index as HTML
  [1m[35mLink Load (0.1ms)[0m  SELECT "links".* FROM "links"
  [1m[36mUser Load (0.1ms)[0m  [1mSELECT  "users".* FROM "users"  WHERE "users"."id" = ? LIMIT 1[0m  [["id", 1]]
  [1m[35m (0.1ms)[0m  SELECT COUNT(*) FROM "votes"  WHERE "votes"."votable_id" = ? AND "votes"."votable_type" = ? AND "votes"."vote_flag" = 't' AND "votes"."vote_scope" IS NULL  [["votable_id", 1], ["votable_type", "Link"]]
  [1m[36m (0.1ms)[0m  [1mSELECT COUNT(*) FROM "votes"  WHERE "votes"."votable_id" = ? AND "votes"."votable_type" = ? AND "votes"."vote_flag" = 'f' AND "votes"."vote_scope" IS NULL[0m  [["votable_id", 1], ["votable_type", "Link"]]
  [1m[35m (0.1ms)[0m  SELECT COUNT(*) FROM "comments"  WHERE "comments"."link_id" = ?  [["link_id", 1]]
  Rendered links/index.html.erb within layouts/application (3.9ms)
  [1m[36mUser Load (0.1ms)[0m  [1mSELECT  "users".* FROM "users"  WHERE "users"."id" = 2  ORDER BY "users"."id" ASC LIMIT 1[0m
Completed 200 OK in 65ms (Views: 63.7ms | ActiveRecord: 0.5ms)


Started GET "/assets/links.css?body=1" for 127.0.0.1 at 2015-11-11 14:33:05 -0500


Started GET "/assets/scaffolds.css?body=1" for 127.0.0.1 at 2015-11-11 14:33:05 -0500


Started GET "/assets/bootstrap/button.js?body=1" for 127.0.0.1 at 2015-11-11 14:33:05 -0500


Started GET "/assets/bootstrap/alert.js?body=1" for 127.0.0.1 at 2015-11-11 14:33:05 -0500


Started GET "/assets/bootstrap/affix.js?body=1" for 127.0.0.1 at 2015-11-11 14:33:05 -0500


Started GET "/assets/jquery.js?body=1" for 127.0.0.1 at 2015-11-11 14:33:05 -0500


Started GET "/assets/bootstrap/collapse.js?body=1" for 127.0.0.1 at 2015-11-11 14:33:05 -0500


Started GET "/assets/bootstrap/carousel.js?body=1" for 127.0.0.1 at 2015-11-11 14:33:05 -0500


Started GET "/assets/bootstrap/dropdown.js?body=1" for 127.0.0.1 at 2015-11-11 14:33:05 -0500


Started GET "/assets/bootstrap/tab.js?body=1" for 127.0.0.1 at 2015-11-11 14:33:05 -0500


Started GET "/assets/bootstrap/transition.js?body=1" for 127.0.0.1 at 2015-11-11 14:33:05 -0500


Started GET "/assets/bootstrap/modal.js?body=1" for 127.0.0.1 at 2015-11-11 14:33:05 -0500


Started GET "/assets/bootstrap/scrollspy.js?body=1" for 127.0.0.1 at 2015-11-11 14:33:05 -0500


Started GET "/assets/bootstrap/popover.js?body=1" for 127.0.0.1 at 2015-11-11 14:33:05 -0500


Started GET "/assets/bootstrap/tooltip.js?body=1" for 127.0.0.1 at 2015-11-11 14:33:05 -0500


Started GET "/assets/bootstrap-sprockets.js?body=1" for 127.0.0.1 at 2015-11-11 14:33:05 -0500


Started GET "/assets/jquery_ujs.js?body=1" for 127.0.0.1 at 2015-11-11 14:33:05 -0500


Started GET "/assets/turbolinks.js?body=1" for 127.0.0.1 at 2015-11-11 14:33:05 -0500


Started GET "/assets/links.js?body=1" for 127.0.0.1 at 2015-11-11 14:33:05 -0500


Started GET "/assets/comments.js?body=1" for 127.0.0.1 at 2015-11-11 14:33:05 -0500


Started GET "/assets/application.js?body=1" for 127.0.0.1 at 2015-11-11 14:33:05 -0500


Started GET "/assets/reddit-logo.png" for 127.0.0.1 at 2015-11-11 14:33:05 -0500


Started GET "/assets/bootstrap/glyphicons-halflings-regular.woff" for 127.0.0.1 at 2015-11-11 14:33:05 -0500


Started GET "/links/new" for 127.0.0.1 at 2015-11-11 14:33:09 -0500
Processing by LinksController#new as HTML
  [1m[35mUser Load (0.1ms)[0m  SELECT  "users".* FROM "users"  WHERE "users"."id" = 2  ORDER BY "users"."id" ASC LIMIT 1
  Rendered links/_form.html.erb (1.2ms)
  Rendered links/new.html.erb within layouts/application (2.4ms)
Completed 200 OK in 68ms (Views: 65.9ms | ActiveRecord: 0.1ms)


Started POST "/links" for 127.0.0.1 at 2015-11-11 14:33:18 -0500
Processing by LinksController#create as HTML
  Parameters: {"utf8"=>"✓", "authenticity_token"=>"5baz8gSs2ddg2UelIjT5AcIbyO90bsaaU8f+tRUVOhQ=", "link"=>{"title"=>"Twitter", "url"=>"twitter.com"}, "commit"=>"Submit"}
  [1m[36mUser Load (0.2ms)[0m  [1mSELECT  "users".* FROM "users"  WHERE "users"."id" = 2  ORDER BY "users"."id" ASC LIMIT 1[0m
  [1m[35m (0.0ms)[0m  begin transaction
  [1m[36mSQL (0.3ms)[0m  [1mINSERT INTO "links" ("created_at", "title", "updated_at", "url", "user_id") VALUES (?, ?, ?, ?, ?)[0m  [["created_at", "2015-11-11 19:33:18.469043"], ["title", "Twitter"], ["updated_at", "2015-11-11 19:33:18.469043"], ["url", "twitter.com"], ["user_id", 2]]
  [1m[35m (0.5ms)[0m  commit transaction
Redirected to http://localhost:3000/links/2
Completed 302 Found in 4ms (ActiveRecord: 1.0ms)


Started GET "/links/2" for 127.0.0.1 at 2015-11-11 14:33:18 -0500
Processing by LinksController#show as HTML
  Parameters: {"id"=>"2"}
  [1m[36mLink Load (0.1ms)[0m  [1mSELECT  "links".* FROM "links"  WHERE "links"."id" = ? LIMIT 1[0m  [["id", 2]]
  [1m[35mUser Load (0.1ms)[0m  SELECT  "users".* FROM "users"  WHERE "users"."id" = ? LIMIT 1  [["id", 2]]
  [1m[36m (0.1ms)[0m  [1mSELECT COUNT(*) FROM "votes"  WHERE "votes"."votable_id" = ? AND "votes"."votable_type" = ? AND "votes"."vote_flag" = 't' AND "votes"."vote_scope" IS NULL[0m  [["votable_id", 2], ["votable_type", "Link"]]
  [1m[35m (0.1ms)[0m  SELECT COUNT(*) FROM "votes"  WHERE "votes"."votable_id" = ? AND "votes"."votable_type" = ? AND "votes"."vote_flag" = 'f' AND "votes"."vote_scope" IS NULL  [["votable_id", 2], ["votable_type", "Link"]]
  [1m[36mUser Load (0.1ms)[0m  [1mSELECT  "users".* FROM "users"  WHERE "users"."id" = 2  ORDER BY "users"."id" ASC LIMIT 1[0m
  [1m[35m (0.1ms)[0m  SELECT COUNT(*) FROM "comments"  WHERE "comments"."link_id" = ?  [["link_id", 2]]
  [1m[36mComment Load (0.0ms)[0m  [1mSELECT "comments".* FROM "comments"  WHERE "comments"."link_id" = ?[0m  [["link_id", 2]]
  Rendered collection (0.0ms)
  Rendered links/show.html.erb within layouts/application (4.7ms)
Completed 200 OK in 75ms (Views: 73.2ms | ActiveRecord: 0.5ms)


Started GET "/assets/links.css?body=1" for 127.0.0.1 at 2015-11-11 14:33:18 -0500


Started GET "/assets/bootstrap/button.js?body=1" for 127.0.0.1 at 2015-11-11 14:33:18 -0500


Started GET "/assets/scaffolds.css?body=1" for 127.0.0.1 at 2015-11-11 14:33:18 -0500


Started GET "/assets/jquery.js?body=1" for 127.0.0.1 at 2015-11-11 14:33:18 -0500


Started GET "/assets/bootstrap/alert.js?body=1" for 127.0.0.1 at 2015-11-11 14:33:18 -0500


Started GET "/assets/bootstrap/affix.js?body=1" for 127.0.0.1 at 2015-11-11 14:33:18 -0500


Started GET "/assets/bootstrap/carousel.js?body=1" for 127.0.0.1 at 2015-11-11 14:33:18 -0500


Started GET "/assets/bootstrap/dropdown.js?body=1" for 127.0.0.1 at 2015-11-11 14:33:18 -0500


Started GET "/assets/bootstrap/collapse.js?body=1" for 127.0.0.1 at 2015-11-11 14:33:18 -0500


Started GET "/assets/bootstrap/tab.js?body=1" for 127.0.0.1 at 2015-11-11 14:33:18 -0500


Started GET "/assets/bootstrap/transition.js?body=1" for 127.0.0.1 at 2015-11-11 14:33:18 -0500


Started GET "/assets/bootstrap/scrollspy.js?body=1" for 127.0.0.1 at 2015-11-11 14:33:18 -0500


Started GET "/assets/bootstrap/modal.js?body=1" for 127.0.0.1 at 2015-11-11 14:33:18 -0500


Started GET "/assets/bootstrap/tooltip.js?body=1" for 127.0.0.1 at 2015-11-11 14:33:18 -0500


Started GET "/assets/bootstrap/popover.js?body=1" for 127.0.0.1 at 2015-11-11 14:33:18 -0500


Started GET "/assets/bootstrap-sprockets.js?body=1" for 127.0.0.1 at 2015-11-11 14:33:18 -0500


Started GET "/assets/jquery_ujs.js?body=1" for 127.0.0.1 at 2015-11-11 14:33:18 -0500


Started GET "/assets/turbolinks.js?body=1" for 127.0.0.1 at 2015-11-11 14:33:18 -0500


Started GET "/assets/comments.js?body=1" for 127.0.0.1 at 2015-11-11 14:33:18 -0500


Started GET "/assets/links.js?body=1" for 127.0.0.1 at 2015-11-11 14:33:18 -0500


Started GET "/assets/application.js?body=1" for 127.0.0.1 at 2015-11-11 14:33:18 -0500


Started GET "/assets/reddit-logo.png" for 127.0.0.1 at 2015-11-11 14:33:18 -0500


Started GET "/assets/bootstrap/glyphicons-halflings-regular.woff" for 127.0.0.1 at 2015-11-11 14:33:18 -0500


Started POST "/links/2/comments" for 127.0.0.1 at 2015-11-11 14:33:22 -0500
Processing by CommentsController#create as HTML
  Parameters: {"utf8"=>"✓", "authenticity_token"=>"5baz8gSs2ddg2UelIjT5AcIbyO90bsaaU8f+tRUVOhQ=", "comment"=>{"body"=>"tweet"}, "commit"=>"Add Comment", "link_id"=>"2"}
  [1m[35mUser Load (0.1ms)[0m  SELECT  "users".* FROM "users"  WHERE "users"."id" = 2  ORDER BY "users"."id" ASC LIMIT 1
  [1m[36mLink Load (0.1ms)[0m  [1mSELECT  "links".* FROM "links"  WHERE "links"."id" = ? LIMIT 1[0m  [["id", 2]]
  [1m[35m (0.0ms)[0m  begin transaction
  [1m[36mSQL (0.3ms)[0m  [1mINSERT INTO "comments" ("body", "created_at", "link_id", "updated_at", "user_id") VALUES (?, ?, ?, ?, ?)[0m  [["body", "tweet"], ["created_at", "2015-11-11 19:33:22.422333"], ["link_id", 2], ["updated_at", "2015-11-11 19:33:22.422333"], ["user_id", 2]]
  [1m[35m (2.2ms)[0m  commit transaction
Redirected to http://localhost:3000/links/2
Completed 302 Found in 7ms (ActiveRecord: 2.8ms)


Started GET "/links/2" for 127.0.0.1 at 2015-11-11 14:33:22 -0500
Processing by LinksController#show as HTML
  Parameters: {"id"=>"2"}
  [1m[36mLink Load (0.1ms)[0m  [1mSELECT  "links".* FROM "links"  WHERE "links"."id" = ? LIMIT 1[0m  [["id", 2]]
  [1m[35mUser Load (0.1ms)[0m  SELECT  "users".* FROM "users"  WHERE "users"."id" = ? LIMIT 1  [["id", 2]]
  [1m[36m (0.1ms)[0m  [1mSELECT COUNT(*) FROM "votes"  WHERE "votes"."votable_id" = ? AND "votes"."votable_type" = ? AND "votes"."vote_flag" = 't' AND "votes"."vote_scope" IS NULL[0m  [["votable_id", 2], ["votable_type", "Link"]]
  [1m[35m (0.1ms)[0m  SELECT COUNT(*) FROM "votes"  WHERE "votes"."votable_id" = ? AND "votes"."votable_type" = ? AND "votes"."vote_flag" = 'f' AND "votes"."vote_scope" IS NULL  [["votable_id", 2], ["votable_type", "Link"]]
  [1m[36mUser Load (0.1ms)[0m  [1mSELECT  "users".* FROM "users"  WHERE "users"."id" = 2  ORDER BY "users"."id" ASC LIMIT 1[0m
  [1m[35m (0.1ms)[0m  SELECT COUNT(*) FROM "comments"  WHERE "comments"."link_id" = ?  [["link_id", 2]]
  [1m[36mComment Load (0.1ms)[0m  [1mSELECT "comments".* FROM "comments"  WHERE "comments"."link_id" = ?[0m  [["link_id", 2]]
  [1m[35mCACHE (0.0ms)[0m  SELECT  "users".* FROM "users"  WHERE "users"."id" = ? LIMIT 1  [["id", 2]]
  Rendered comments/_comment.html.erb (1.1ms)
  Rendered links/show.html.erb within layouts/application (8.0ms)
Completed 200 OK in 78ms (Views: 76.1ms | ActiveRecord: 0.6ms)


Started GET "/assets/links.css?body=1" for 127.0.0.1 at 2015-11-11 14:33:22 -0500


Started GET "/assets/scaffolds.css?body=1" for 127.0.0.1 at 2015-11-11 14:33:22 -0500


Started GET "/assets/bootstrap/button.js?body=1" for 127.0.0.1 at 2015-11-11 14:33:22 -0500


Started GET "/assets/jquery.js?body=1" for 127.0.0.1 at 2015-11-11 14:33:22 -0500


Started GET "/assets/bootstrap/affix.js?body=1" for 127.0.0.1 at 2015-11-11 14:33:22 -0500


Started GET "/assets/bootstrap/alert.js?body=1" for 127.0.0.1 at 2015-11-11 14:33:22 -0500


Started GET "/assets/bootstrap/carousel.js?body=1" for 127.0.0.1 at 2015-11-11 14:33:22 -0500


Started GET "/assets/bootstrap/collapse.js?body=1" for 127.0.0.1 at 2015-11-11 14:33:22 -0500


Started GET "/assets/bootstrap/dropdown.js?body=1" for 127.0.0.1 at 2015-11-11 14:33:22 -0500


Started GET "/assets/bootstrap/tab.js?body=1" for 127.0.0.1 at 2015-11-11 14:33:22 -0500


Started GET "/assets/bootstrap/transition.js?body=1" for 127.0.0.1 at 2015-11-11 14:33:22 -0500


Started GET "/assets/bootstrap/modal.js?body=1" for 127.0.0.1 at 2015-11-11 14:33:22 -0500


Started GET "/assets/bootstrap/scrollspy.js?body=1" for 127.0.0.1 at 2015-11-11 14:33:22 -0500


Started GET "/assets/bootstrap/tooltip.js?body=1" for 127.0.0.1 at 2015-11-11 14:33:22 -0500


Started GET "/assets/bootstrap/popover.js?body=1" for 127.0.0.1 at 2015-11-11 14:33:22 -0500


Started GET "/assets/bootstrap-sprockets.js?body=1" for 127.0.0.1 at 2015-11-11 14:33:22 -0500


Started GET "/assets/jquery_ujs.js?body=1" for 127.0.0.1 at 2015-11-11 14:33:22 -0500


Started GET "/assets/turbolinks.js?body=1" for 127.0.0.1 at 2015-11-11 14:33:22 -0500


Started GET "/assets/comments.js?body=1" for 127.0.0.1 at 2015-11-11 14:33:22 -0500


Started GET "/assets/links.js?body=1" for 127.0.0.1 at 2015-11-11 14:33:22 -0500


Started GET "/assets/application.js?body=1" for 127.0.0.1 at 2015-11-11 14:33:22 -0500


Started GET "/assets/reddit-logo.png" for 127.0.0.1 at 2015-11-11 14:33:22 -0500


Started GET "/assets/bootstrap/glyphicons-halflings-regular.woff" for 127.0.0.1 at 2015-11-11 14:33:22 -0500


Started PUT "/links/2/dislike" for 127.0.0.1 at 2015-11-11 14:33:23 -0500
Processing by LinksController#downvote as HTML
  Parameters: {"authenticity_token"=>"5baz8gSs2ddg2UelIjT5AcIbyO90bsaaU8f+tRUVOhQ=", "id"=>"2"}
  [1m[36mUser Load (0.2ms)[0m  [1mSELECT  "users".* FROM "users"  WHERE "users"."id" = 2  ORDER BY "users"."id" ASC LIMIT 1[0m
  [1m[35mLink Load (0.1ms)[0m  SELECT  "links".* FROM "links"  WHERE "links"."id" = ? LIMIT 1  [["id", 2]]
  [1m[36m (0.1ms)[0m  [1mSELECT COUNT(*) FROM "votes"  WHERE "votes"."votable_id" = ? AND "votes"."votable_type" = ? AND "votes"."voter_id" = 2 AND "votes"."vote_scope" IS NULL AND "votes"."voter_type" = 'User'[0m  [["votable_id", 2], ["votable_type", "Link"]]
  [1m[35m (0.0ms)[0m  begin transaction
  [1m[36mSQL (1.0ms)[0m  [1mINSERT INTO "votes" ("created_at", "updated_at", "votable_id", "votable_type", "vote_flag", "vote_weight", "voter_id", "voter_type") VALUES (?, ?, ?, ?, ?, ?, ?, ?)[0m  [["created_at", "2015-11-11 19:33:23.945405"], ["updated_at", "2015-11-11 19:33:23.945405"], ["votable_id", 2], ["votable_type", "Link"], ["vote_flag", "f"], ["vote_weight", 1], ["voter_id", 2], ["voter_type", "User"]]
  [1m[35m (2.2ms)[0m  commit transaction
Redirected to http://localhost:3000/links/2
Completed 302 Found in 8ms (ActiveRecord: 3.6ms)


Started GET "/links/2" for 127.0.0.1 at 2015-11-11 14:33:23 -0500
Processing by LinksController#show as HTML
  Parameters: {"id"=>"2"}
  [1m[36mLink Load (0.1ms)[0m  [1mSELECT  "links".* FROM "links"  WHERE "links"."id" = ? LIMIT 1[0m  [["id", 2]]
  [1m[35mUser Load (0.1ms)[0m  SELECT  "users".* FROM "users"  WHERE "users"."id" = ? LIMIT 1  [["id", 2]]
  [1m[36m (0.1ms)[0m  [1mSELECT COUNT(*) FROM "votes"  WHERE "votes"."votable_id" = ? AND "votes"."votable_type" = ? AND "votes"."vote_flag" = 't' AND "votes"."vote_scope" IS NULL[0m  [["votable_id", 2], ["votable_type", "Link"]]
  [1m[35m (0.1ms)[0m  SELECT COUNT(*) FROM "votes"  WHERE "votes"."votable_id" = ? AND "votes"."votable_type" = ? AND "votes"."vote_flag" = 'f' AND "votes"."vote_scope" IS NULL  [["votable_id", 2], ["votable_type", "Link"]]
  [1m[36mUser Load (0.1ms)[0m  [1mSELECT  "users".* FROM "users"  WHERE "users"."id" = 2  ORDER BY "users"."id" ASC LIMIT 1[0m
  [1m[35m (0.1ms)[0m  SELECT COUNT(*) FROM "comments"  WHERE "comments"."link_id" = ?  [["link_id", 2]]
  [1m[36mComment Load (0.1ms)[0m  [1mSELECT "comments".* FROM "comments"  WHERE "comments"."link_id" = ?[0m  [["link_id", 2]]
  [1m[35mCACHE (0.0ms)[0m  SELECT  "users".* FROM "users"  WHERE "users"."id" = ? LIMIT 1  [["id", 2]]
  Rendered comments/_comment.html.erb (1.0ms)
  Rendered links/show.html.erb within layouts/application (7.6ms)
Completed 200 OK in 75ms (Views: 73.6ms | ActiveRecord: 0.6ms)


Started GET "/assets/links.css?body=1" for 127.0.0.1 at 2015-11-11 14:33:24 -0500


Started GET "/assets/scaffolds.css?body=1" for 127.0.0.1 at 2015-11-11 14:33:24 -0500


Started GET "/assets/jquery.js?body=1" for 127.0.0.1 at 2015-11-11 14:33:24 -0500


Started GET "/assets/bootstrap/affix.js?body=1" for 127.0.0.1 at 2015-11-11 14:33:24 -0500


Started GET "/assets/bootstrap/alert.js?body=1" for 127.0.0.1 at 2015-11-11 14:33:24 -0500


Started GET "/assets/bootstrap/button.js?body=1" for 127.0.0.1 at 2015-11-11 14:33:24 -0500


Started GET "/assets/bootstrap/carousel.js?body=1" for 127.0.0.1 at 2015-11-11 14:33:24 -0500


Started GET "/assets/bootstrap/collapse.js?body=1" for 127.0.0.1 at 2015-11-11 14:33:24 -0500


Started GET "/assets/bootstrap/dropdown.js?body=1" for 127.0.0.1 at 2015-11-11 14:33:24 -0500


Started GET "/assets/bootstrap/tab.js?body=1" for 127.0.0.1 at 2015-11-11 14:33:24 -0500


Started GET "/assets/bootstrap/transition.js?body=1" for 127.0.0.1 at 2015-11-11 14:33:24 -0500


Started GET "/assets/bootstrap/scrollspy.js?body=1" for 127.0.0.1 at 2015-11-11 14:33:24 -0500


Started GET "/assets/bootstrap/modal.js?body=1" for 127.0.0.1 at 2015-11-11 14:33:24 -0500


Started GET "/assets/bootstrap/tooltip.js?body=1" for 127.0.0.1 at 2015-11-11 14:33:24 -0500


Started GET "/assets/bootstrap-sprockets.js?body=1" for 127.0.0.1 at 2015-11-11 14:33:24 -0500


Started GET "/assets/bootstrap/popover.js?body=1" for 127.0.0.1 at 2015-11-11 14:33:24 -0500


Started GET "/assets/jquery_ujs.js?body=1" for 127.0.0.1 at 2015-11-11 14:33:24 -0500


Started GET "/assets/turbolinks.js?body=1" for 127.0.0.1 at 2015-11-11 14:33:24 -0500


Started GET "/assets/comments.js?body=1" for 127.0.0.1 at 2015-11-11 14:33:24 -0500


Started GET "/assets/links.js?body=1" for 127.0.0.1 at 2015-11-11 14:33:24 -0500


Started GET "/assets/application.js?body=1" for 127.0.0.1 at 2015-11-11 14:33:24 -0500


Started GET "/assets/reddit-logo.png" for 127.0.0.1 at 2015-11-11 14:33:24 -0500


Started GET "/assets/bootstrap/glyphicons-halflings-regular.woff" for 127.0.0.1 at 2015-11-11 14:33:24 -0500


Started GET "/" for 127.0.0.1 at 2015-11-11 14:33:26 -0500
Processing by LinksController#index as HTML
  [1m[36mLink Load (0.2ms)[0m  [1mSELECT "links".* FROM "links"[0m
  [1m[35mUser Load (0.1ms)[0m  SELECT  "users".* FROM "users"  WHERE "users"."id" = ? LIMIT 1  [["id", 1]]
  [1m[36m (0.1ms)[0m  [1mSELECT COUNT(*) FROM "votes"  WHERE "votes"."votable_id" = ? AND "votes"."votable_type" = ? AND "votes"."vote_flag" = 't' AND "votes"."vote_scope" IS NULL[0m  [["votable_id", 1], ["votable_type", "Link"]]
  [1m[35m (0.1ms)[0m  SELECT COUNT(*) FROM "votes"  WHERE "votes"."votable_id" = ? AND "votes"."votable_type" = ? AND "votes"."vote_flag" = 'f' AND "votes"."vote_scope" IS NULL  [["votable_id", 1], ["votable_type", "Link"]]
  [1m[36m (0.1ms)[0m  [1mSELECT COUNT(*) FROM "comments"  WHERE "comments"."link_id" = ?[0m  [["link_id", 1]]
  [1m[35mUser Load (0.1ms)[0m  SELECT  "users".* FROM "users"  WHERE "users"."id" = ? LIMIT 1  [["id", 2]]
  [1m[36m (0.1ms)[0m  [1mSELECT COUNT(*) FROM "votes"  WHERE "votes"."votable_id" = ? AND "votes"."votable_type" = ? AND "votes"."vote_flag" = 't' AND "votes"."vote_scope" IS NULL[0m  [["votable_id", 2], ["votable_type", "Link"]]
  [1m[35m (0.1ms)[0m  SELECT COUNT(*) FROM "votes"  WHERE "votes"."votable_id" = ? AND "votes"."votable_type" = ? AND "votes"."vote_flag" = 'f' AND "votes"."vote_scope" IS NULL  [["votable_id", 2], ["votable_type", "Link"]]
  [1m[36m (0.1ms)[0m  [1mSELECT COUNT(*) FROM "comments"  WHERE "comments"."link_id" = ?[0m  [["link_id", 2]]
  Rendered links/index.html.erb within layouts/application (8.7ms)
  [1m[35mUser Load (0.1ms)[0m  SELECT  "users".* FROM "users"  WHERE "users"."id" = 2  ORDER BY "users"."id" ASC LIMIT 1
Completed 200 OK in 82ms (Views: 80.9ms | ActiveRecord: 0.9ms)


Started PUT "/links/2/like" for 127.0.0.1 at 2015-11-11 14:33:28 -0500
Processing by LinksController#upvote as HTML
  Parameters: {"authenticity_token"=>"5baz8gSs2ddg2UelIjT5AcIbyO90bsaaU8f+tRUVOhQ=", "id"=>"2"}
  [1m[36mUser Load (0.1ms)[0m  [1mSELECT  "users".* FROM "users"  WHERE "users"."id" = 2  ORDER BY "users"."id" ASC LIMIT 1[0m
  [1m[35mLink Load (0.1ms)[0m  SELECT  "links".* FROM "links"  WHERE "links"."id" = ? LIMIT 1  [["id", 2]]
  [1m[36m (0.1ms)[0m  [1mSELECT COUNT(*) FROM "votes"  WHERE "votes"."votable_id" = ? AND "votes"."votable_type" = ? AND "votes"."voter_id" = 2 AND "votes"."vote_scope" IS NULL AND "votes"."voter_type" = 'User'[0m  [["votable_id", 2], ["votable_type", "Link"]]
  [1m[35mActsAsVotable::Vote Load (0.1ms)[0m  SELECT  "votes".* FROM "votes"  WHERE "votes"."votable_id" = ? AND "votes"."votable_type" = ? AND "votes"."voter_id" = 2 AND "votes"."vote_scope" IS NULL AND "votes"."voter_type" = 'User'  ORDER BY "votes"."id" DESC LIMIT 1  [["votable_id", 2], ["votable_type", "Link"]]
  [1m[36m (0.0ms)[0m  [1mbegin transaction[0m
  [1m[35mSQL (0.2ms)[0m  UPDATE "votes" SET "updated_at" = ?, "vote_flag" = ? WHERE "votes"."id" = 2  [["updated_at", "2015-11-11 19:33:28.757988"], ["vote_flag", "t"]]
  [1m[36m (0.4ms)[0m  [1mcommit transaction[0m
Redirected to http://localhost:3000/
Completed 302 Found in 5ms (ActiveRecord: 1.0ms)


Started GET "/" for 127.0.0.1 at 2015-11-11 14:33:28 -0500
Processing by LinksController#index as HTML
  [1m[35mLink Load (0.1ms)[0m  SELECT "links".* FROM "links"
  [1m[36mUser Load (0.1ms)[0m  [1mSELECT  "users".* FROM "users"  WHERE "users"."id" = ? LIMIT 1[0m  [["id", 1]]
  [1m[35m (0.1ms)[0m  SELECT COUNT(*) FROM "votes"  WHERE "votes"."votable_id" = ? AND "votes"."votable_type" = ? AND "votes"."vote_flag" = 't' AND "votes"."vote_scope" IS NULL  [["votable_id", 1], ["votable_type", "Link"]]
  [1m[36m (0.1ms)[0m  [1mSELECT COUNT(*) FROM "votes"  WHERE "votes"."votable_id" = ? AND "votes"."votable_type" = ? AND "votes"."vote_flag" = 'f' AND "votes"."vote_scope" IS NULL[0m  [["votable_id", 1], ["votable_type", "Link"]]
  [1m[35m (0.1ms)[0m  SELECT COUNT(*) FROM "comments"  WHERE "comments"."link_id" = ?  [["link_id", 1]]
  [1m[36mUser Load (0.1ms)[0m  [1mSELECT  "users".* FROM "users"  WHERE "users"."id" = ? LIMIT 1[0m  [["id", 2]]
  [1m[35m (0.1ms)[0m  SELECT COUNT(*) FROM "votes"  WHERE "votes"."votable_id" = ? AND "votes"."votable_type" = ? AND "votes"."vote_flag" = 't' AND "votes"."vote_scope" IS NULL  [["votable_id", 2], ["votable_type", "Link"]]
  [1m[36m (0.1ms)[0m  [1mSELECT COUNT(*) FROM "votes"  WHERE "votes"."votable_id" = ? AND "votes"."votable_type" = ? AND "votes"."vote_flag" = 'f' AND "votes"."vote_scope" IS NULL[0m  [["votable_id", 2], ["votable_type", "Link"]]
  [1m[35m (0.1ms)[0m  SELECT COUNT(*) FROM "comments"  WHERE "comments"."link_id" = ?  [["link_id", 2]]
  Rendered links/index.html.erb within layouts/application (9.0ms)
  [1m[36mUser Load (0.2ms)[0m  [1mSELECT  "users".* FROM "users"  WHERE "users"."id" = 2  ORDER BY "users"."id" ASC LIMIT 1[0m
Completed 200 OK in 73ms (Views: 71.5ms | ActiveRecord: 1.0ms)


Started GET "/assets/links.css?body=1" for 127.0.0.1 at 2015-11-11 14:33:28 -0500


Started GET "/assets/bootstrap/alert.js?body=1" for 127.0.0.1 at 2015-11-11 14:33:28 -0500


Started GET "/assets/jquery.js?body=1" for 127.0.0.1 at 2015-11-11 14:33:28 -0500


Started GET "/assets/scaffolds.css?body=1" for 127.0.0.1 at 2015-11-11 14:33:28 -0500


Started GET "/assets/bootstrap/button.js?body=1" for 127.0.0.1 at 2015-11-11 14:33:28 -0500


Started GET "/assets/bootstrap/affix.js?body=1" for 127.0.0.1 at 2015-11-11 14:33:28 -0500


Started GET "/assets/bootstrap/carousel.js?body=1" for 127.0.0.1 at 2015-11-11 14:33:28 -0500


Started GET "/assets/bootstrap/collapse.js?body=1" for 127.0.0.1 at 2015-11-11 14:33:28 -0500


Started GET "/assets/bootstrap/dropdown.js?body=1" for 127.0.0.1 at 2015-11-11 14:33:28 -0500


Started GET "/assets/bootstrap/tab.js?body=1" for 127.0.0.1 at 2015-11-11 14:33:28 -0500


Started GET "/assets/bootstrap/transition.js?body=1" for 127.0.0.1 at 2015-11-11 14:33:28 -0500


Started GET "/assets/bootstrap/scrollspy.js?body=1" for 127.0.0.1 at 2015-11-11 14:33:28 -0500


Started GET "/assets/bootstrap/modal.js?body=1" for 127.0.0.1 at 2015-11-11 14:33:28 -0500


Started GET "/assets/bootstrap/tooltip.js?body=1" for 127.0.0.1 at 2015-11-11 14:33:28 -0500


Started GET "/assets/bootstrap-sprockets.js?body=1" for 127.0.0.1 at 2015-11-11 14:33:28 -0500


Started GET "/assets/bootstrap/popover.js?body=1" for 127.0.0.1 at 2015-11-11 14:33:28 -0500


Started GET "/assets/jquery_ujs.js?body=1" for 127.0.0.1 at 2015-11-11 14:33:28 -0500


Started GET "/assets/turbolinks.js?body=1" for 127.0.0.1 at 2015-11-11 14:33:28 -0500


Started GET "/assets/links.js?body=1" for 127.0.0.1 at 2015-11-11 14:33:28 -0500


Started GET "/assets/comments.js?body=1" for 127.0.0.1 at 2015-11-11 14:33:28 -0500


Started GET "/assets/application.js?body=1" for 127.0.0.1 at 2015-11-11 14:33:28 -0500


Started GET "/assets/reddit-logo.png" for 127.0.0.1 at 2015-11-11 14:33:28 -0500


Started GET "/assets/bootstrap/glyphicons-halflings-regular.woff" for 127.0.0.1 at 2015-11-11 14:33:28 -0500


Started PUT "/links/1/dislike" for 127.0.0.1 at 2015-11-11 14:33:30 -0500
Processing by LinksController#downvote as HTML
  Parameters: {"authenticity_token"=>"5baz8gSs2ddg2UelIjT5AcIbyO90bsaaU8f+tRUVOhQ=", "id"=>"1"}
  [1m[35mUser Load (0.1ms)[0m  SELECT  "users".* FROM "users"  WHERE "users"."id" = 2  ORDER BY "users"."id" ASC LIMIT 1
  [1m[36mLink Load (0.1ms)[0m  [1mSELECT  "links".* FROM "links"  WHERE "links"."id" = ? LIMIT 1[0m  [["id", 1]]
  [1m[35m (0.1ms)[0m  SELECT COUNT(*) FROM "votes"  WHERE "votes"."votable_id" = ? AND "votes"."votable_type" = ? AND "votes"."voter_id" = 2 AND "votes"."vote_scope" IS NULL AND "votes"."voter_type" = 'User'  [["votable_id", 1], ["votable_type", "Link"]]
  [1m[36m (0.0ms)[0m  [1mbegin transaction[0m
  [1m[35mSQL (0.3ms)[0m  INSERT INTO "votes" ("created_at", "updated_at", "votable_id", "votable_type", "vote_flag", "vote_weight", "voter_id", "voter_type") VALUES (?, ?, ?, ?, ?, ?, ?, ?)  [["created_at", "2015-11-11 19:33:30.788252"], ["updated_at", "2015-11-11 19:33:30.788252"], ["votable_id", 1], ["votable_type", "Link"], ["vote_flag", "f"], ["vote_weight", 1], ["voter_id", 2], ["voter_type", "User"]]
  [1m[36m (2.0ms)[0m  [1mcommit transaction[0m
Redirected to http://localhost:3000/
Completed 302 Found in 6ms (ActiveRecord: 2.6ms)


Started GET "/" for 127.0.0.1 at 2015-11-11 14:33:30 -0500
Processing by LinksController#index as HTML
  [1m[35mLink Load (0.1ms)[0m  SELECT "links".* FROM "links"
  [1m[36mUser Load (0.1ms)[0m  [1mSELECT  "users".* FROM "users"  WHERE "users"."id" = ? LIMIT 1[0m  [["id", 1]]
  [1m[35m (0.1ms)[0m  SELECT COUNT(*) FROM "votes"  WHERE "votes"."votable_id" = ? AND "votes"."votable_type" = ? AND "votes"."vote_flag" = 't' AND "votes"."vote_scope" IS NULL  [["votable_id", 1], ["votable_type", "Link"]]
  [1m[36m (0.1ms)[0m  [1mSELECT COUNT(*) FROM "votes"  WHERE "votes"."votable_id" = ? AND "votes"."votable_type" = ? AND "votes"."vote_flag" = 'f' AND "votes"."vote_scope" IS NULL[0m  [["votable_id", 1], ["votable_type", "Link"]]
  [1m[35m (0.1ms)[0m  SELECT COUNT(*) FROM "comments"  WHERE "comments"."link_id" = ?  [["link_id", 1]]
  [1m[36mUser Load (0.1ms)[0m  [1mSELECT  "users".* FROM "users"  WHERE "users"."id" = ? LIMIT 1[0m  [["id", 2]]
  [1m[35m (0.1ms)[0m  SELECT COUNT(*) FROM "votes"  WHERE "votes"."votable_id" = ? AND "votes"."votable_type" = ? AND "votes"."vote_flag" = 't' AND "votes"."vote_scope" IS NULL  [["votable_id", 2], ["votable_type", "Link"]]
  [1m[36m (0.1ms)[0m  [1mSELECT COUNT(*) FROM "votes"  WHERE "votes"."votable_id" = ? AND "votes"."votable_type" = ? AND "votes"."vote_flag" = 'f' AND "votes"."vote_scope" IS NULL[0m  [["votable_id", 2], ["votable_type", "Link"]]
  [1m[35m (0.1ms)[0m  SELECT COUNT(*) FROM "comments"  WHERE "comments"."link_id" = ?  [["link_id", 2]]
  Rendered links/index.html.erb within layouts/application (7.6ms)
  [1m[36mUser Load (0.2ms)[0m  [1mSELECT  "users".* FROM "users"  WHERE "users"."id" = 2  ORDER BY "users"."id" ASC LIMIT 1[0m
Completed 200 OK in 82ms (Views: 80.3ms | ActiveRecord: 0.8ms)


Started GET "/assets/links.css?body=1" for 127.0.0.1 at 2015-11-11 14:33:30 -0500


Started GET "/assets/scaffolds.css?body=1" for 127.0.0.1 at 2015-11-11 14:33:30 -0500


Started GET "/assets/bootstrap/button.js?body=1" for 127.0.0.1 at 2015-11-11 14:33:30 -0500


Started GET "/assets/bootstrap/affix.js?body=1" for 127.0.0.1 at 2015-11-11 14:33:30 -0500


Started GET "/assets/bootstrap/alert.js?body=1" for 127.0.0.1 at 2015-11-11 14:33:30 -0500


Started GET "/assets/jquery.js?body=1" for 127.0.0.1 at 2015-11-11 14:33:30 -0500


Started GET "/assets/bootstrap/carousel.js?body=1" for 127.0.0.1 at 2015-11-11 14:33:30 -0500


Started GET "/assets/bootstrap/collapse.js?body=1" for 127.0.0.1 at 2015-11-11 14:33:30 -0500


Started GET "/assets/bootstrap/dropdown.js?body=1" for 127.0.0.1 at 2015-11-11 14:33:30 -0500


Started GET "/assets/bootstrap/tab.js?body=1" for 127.0.0.1 at 2015-11-11 14:33:30 -0500


Started GET "/assets/bootstrap/transition.js?body=1" for 127.0.0.1 at 2015-11-11 14:33:30 -0500


Started GET "/assets/bootstrap/scrollspy.js?body=1" for 127.0.0.1 at 2015-11-11 14:33:30 -0500


Started GET "/assets/bootstrap/tooltip.js?body=1" for 127.0.0.1 at 2015-11-11 14:33:30 -0500


Started GET "/assets/bootstrap/popover.js?body=1" for 127.0.0.1 at 2015-11-11 14:33:30 -0500


Started GET "/assets/bootstrap/modal.js?body=1" for 127.0.0.1 at 2015-11-11 14:33:30 -0500


Started GET "/assets/bootstrap-sprockets.js?body=1" for 127.0.0.1 at 2015-11-11 14:33:30 -0500


Started GET "/assets/jquery_ujs.js?body=1" for 127.0.0.1 at 2015-11-11 14:33:30 -0500


Started GET "/assets/turbolinks.js?body=1" for 127.0.0.1 at 2015-11-11 14:33:30 -0500


Started GET "/assets/comments.js?body=1" for 127.0.0.1 at 2015-11-11 14:33:30 -0500


Started GET "/assets/links.js?body=1" for 127.0.0.1 at 2015-11-11 14:33:30 -0500


Started GET "/assets/application.js?body=1" for 127.0.0.1 at 2015-11-11 14:33:30 -0500


Started GET "/assets/reddit-logo.png" for 127.0.0.1 at 2015-11-11 14:33:30 -0500


Started GET "/assets/bootstrap/glyphicons-halflings-regular.woff" for 127.0.0.1 at 2015-11-11 14:33:31 -0500


Started PUT "/links/2/dislike" for 127.0.0.1 at 2015-11-11 14:33:32 -0500
Processing by LinksController#downvote as HTML
  Parameters: {"authenticity_token"=>"5baz8gSs2ddg2UelIjT5AcIbyO90bsaaU8f+tRUVOhQ=", "id"=>"2"}
  [1m[35mUser Load (0.2ms)[0m  SELECT  "users".* FROM "users"  WHERE "users"."id" = 2  ORDER BY "users"."id" ASC LIMIT 1
  [1m[36mLink Load (0.1ms)[0m  [1mSELECT  "links".* FROM "links"  WHERE "links"."id" = ? LIMIT 1[0m  [["id", 2]]
  [1m[35m (0.1ms)[0m  SELECT COUNT(*) FROM "votes"  WHERE "votes"."votable_id" = ? AND "votes"."votable_type" = ? AND "votes"."voter_id" = 2 AND "votes"."vote_scope" IS NULL AND "votes"."voter_type" = 'User'  [["votable_id", 2], ["votable_type", "Link"]]
  [1m[36mActsAsVotable::Vote Load (0.1ms)[0m  [1mSELECT  "votes".* FROM "votes"  WHERE "votes"."votable_id" = ? AND "votes"."votable_type" = ? AND "votes"."voter_id" = 2 AND "votes"."vote_scope" IS NULL AND "votes"."voter_type" = 'User'  ORDER BY "votes"."id" DESC LIMIT 1[0m  [["votable_id", 2], ["votable_type", "Link"]]
  [1m[35m (0.0ms)[0m  begin transaction
  [1m[36mSQL (0.3ms)[0m  [1mUPDATE "votes" SET "updated_at" = ?, "vote_flag" = ? WHERE "votes"."id" = 2[0m  [["updated_at", "2015-11-11 19:33:32.280072"], ["vote_flag", "f"]]
  [1m[35m (2.2ms)[0m  commit transaction
Redirected to http://localhost:3000/
Completed 302 Found in 7ms (ActiveRecord: 3.0ms)


Started GET "/" for 127.0.0.1 at 2015-11-11 14:33:32 -0500
Processing by LinksController#index as HTML
  [1m[36mLink Load (0.2ms)[0m  [1mSELECT "links".* FROM "links"[0m
  [1m[35mUser Load (0.1ms)[0m  SELECT  "users".* FROM "users"  WHERE "users"."id" = ? LIMIT 1  [["id", 1]]
  [1m[36m (0.1ms)[0m  [1mSELECT COUNT(*) FROM "votes"  WHERE "votes"."votable_id" = ? AND "votes"."votable_type" = ? AND "votes"."vote_flag" = 't' AND "votes"."vote_scope" IS NULL[0m  [["votable_id", 1], ["votable_type", "Link"]]
  [1m[35m (0.1ms)[0m  SELECT COUNT(*) FROM "votes"  WHERE "votes"."votable_id" = ? AND "votes"."votable_type" = ? AND "votes"."vote_flag" = 'f' AND "votes"."vote_scope" IS NULL  [["votable_id", 1], ["votable_type", "Link"]]
  [1m[36m (0.1ms)[0m  [1mSELECT COUNT(*) FROM "comments"  WHERE "comments"."link_id" = ?[0m  [["link_id", 1]]
  [1m[35mUser Load (0.1ms)[0m  SELECT  "users".* FROM "users"  WHERE "users"."id" = ? LIMIT 1  [["id", 2]]
  [1m[36m (0.1ms)[0m  [1mSELECT COUNT(*) FROM "votes"  WHERE "votes"."votable_id" = ? AND "votes"."votable_type" = ? AND "votes"."vote_flag" = 't' AND "votes"."vote_scope" IS NULL[0m  [["votable_id", 2], ["votable_type", "Link"]]
  [1m[35m (0.1ms)[0m  SELECT COUNT(*) FROM "votes"  WHERE "votes"."votable_id" = ? AND "votes"."votable_type" = ? AND "votes"."vote_flag" = 'f' AND "votes"."vote_scope" IS NULL  [["votable_id", 2], ["votable_type", "Link"]]
  [1m[36m (0.0ms)[0m  [1mSELECT COUNT(*) FROM "comments"  WHERE "comments"."link_id" = ?[0m  [["link_id", 2]]
  Rendered links/index.html.erb within layouts/application (6.4ms)
  [1m[35mUser Load (0.2ms)[0m  SELECT  "users".* FROM "users"  WHERE "users"."id" = 2  ORDER BY "users"."id" ASC LIMIT 1
Completed 200 OK in 79ms (Views: 77.4ms | ActiveRecord: 0.8ms)


Started GET "/assets/links.css?body=1" for 127.0.0.1 at 2015-11-11 14:33:32 -0500


Started GET "/assets/scaffolds.css?body=1" for 127.0.0.1 at 2015-11-11 14:33:32 -0500


Started GET "/assets/bootstrap/affix.js?body=1" for 127.0.0.1 at 2015-11-11 14:33:32 -0500


Started GET "/assets/jquery.js?body=1" for 127.0.0.1 at 2015-11-11 14:33:32 -0500


Started GET "/assets/bootstrap/alert.js?body=1" for 127.0.0.1 at 2015-11-11 14:33:32 -0500


Started GET "/assets/bootstrap/button.js?body=1" for 127.0.0.1 at 2015-11-11 14:33:32 -0500


Started GET "/assets/bootstrap/carousel.js?body=1" for 127.0.0.1 at 2015-11-11 14:33:32 -0500


Started GET "/assets/bootstrap/collapse.js?body=1" for 127.0.0.1 at 2015-11-11 14:33:32 -0500


Started GET "/assets/bootstrap/dropdown.js?body=1" for 127.0.0.1 at 2015-11-11 14:33:32 -0500


Started GET "/assets/bootstrap/tab.js?body=1" for 127.0.0.1 at 2015-11-11 14:33:32 -0500


Started GET "/assets/bootstrap/transition.js?body=1" for 127.0.0.1 at 2015-11-11 14:33:32 -0500


Started GET "/assets/bootstrap/scrollspy.js?body=1" for 127.0.0.1 at 2015-11-11 14:33:32 -0500


Started GET "/assets/bootstrap/tooltip.js?body=1" for 127.0.0.1 at 2015-11-11 14:33:32 -0500


Started GET "/assets/bootstrap/popover.js?body=1" for 127.0.0.1 at 2015-11-11 14:33:32 -0500


Started GET "/assets/bootstrap/modal.js?body=1" for 127.0.0.1 at 2015-11-11 14:33:32 -0500


Started GET "/assets/jquery_ujs.js?body=1" for 127.0.0.1 at 2015-11-11 14:33:32 -0500


Started GET "/assets/turbolinks.js?body=1" for 127.0.0.1 at 2015-11-11 14:33:32 -0500


Started GET "/assets/bootstrap-sprockets.js?body=1" for 127.0.0.1 at 2015-11-11 14:33:32 -0500


Started GET "/assets/comments.js?body=1" for 127.0.0.1 at 2015-11-11 14:33:32 -0500


Started GET "/assets/links.js?body=1" for 127.0.0.1 at 2015-11-11 14:33:32 -0500


Started GET "/assets/application.js?body=1" for 127.0.0.1 at 2015-11-11 14:33:32 -0500


Started GET "/assets/reddit-logo.png" for 127.0.0.1 at 2015-11-11 14:33:32 -0500


Started GET "/assets/bootstrap/glyphicons-halflings-regular.woff" for 127.0.0.1 at 2015-11-11 14:33:32 -0500
